[2026-05-21 01:08:57] [IP: 192.168.116.26] [CLIENT_HOST: MD-Server1c.mf.metafrax.ru] [CarNumberController::getToDestination] input: {
"type_car": "ПЛ",
"freight_name": "КФС"
}
[2026-05-21 01:10:37] [IP: 192.168.116.26] [CLIENT_HOST: MD-Server1c.mf.metafrax.ru] [CarNumberController::getToDestination] input: {
"type_car": "ПЛ",
"freight_name": "КФС"
}
[2026-05-21 01:10:44] [IP: 192.168.116.26] [CLIENT_HOST: MD-Server1c.mf.metafrax.ru] [CarNumberController::getToDestination] input: {
"type_car": "ПЛ",
"freight_name": "КФС"
}
[2026-05-21 01:12:11] [IP: 192.168.116.26] [CLIENT_HOST: MD-Server1c.mf.metafrax.ru] [CarNumberController::getToDestination] input: {
"type_car": "ПЛ",
"freight_name": "КФС"
}
[2026-05-21 01:15:35] [IP: 192.168.116.26] [CLIENT_HOST: MD-Server1c.mf.metafrax.ru] [CarNumberController::getToDestination] input: {
"type_car": "ПЛ",
"freight_name": "КФС"
}
[2026-05-21 01:17:43] [IP: 192.168.116.26] [CLIENT_HOST: MD-Server1c.mf.metafrax.ru] [CarNumberController::getToDestination] input: {
"type_car": "ПЛ",
"freight_name": "КФС"
}
[2026-05-21 01:28:07] [IP: 192.168.116.26] [CLIENT_HOST: MD-Server1c.mf.metafrax.ru] [CarNumberController::GetWeighingData] input: {
"cars": [
{
"car_number": "94439742",
"weight_type": "tare"
},
{
"car_number": "42274340",
"weight_type": "tare"
},
{
"car_number": "94389533",
"weight_type": "brutto"
}
]
}
[2026-05-21 01:31:06] [IP: 192.168.116.26] [CLIENT_HOST: MD-Server1c.mf.metafrax.ru] [CarNumberController::GetWeighingData] input: {
"cars": [
{
"car_number": "94439742",
"weight_type": "tare"
},
{
"car_number": "42274340",
"weight_type": "tare"
},
{
"car_number": "94389533",
"weight_type": "brutto"
}
]
}
[2026-05-21 01:31:53] [IP: 192.168.116.26] [CLIENT_HOST: MD-Server1c.mf.metafrax.ru] [CarNumberController::getToDestination] input: {
"type_car": "ПЛ",
"freight_name": "КФС"
}
[2026-05-21 01:33:09] [IP: 192.168.116.26] [CLIENT_HOST: MD-Server1c.mf.metafrax.ru] [CarNumberController::getToDestination] input: {
"type_car": "ПЛ",
"freight_name": "КФС"
}
[2026-05-21 01:34:01] [IP: 192.168.116.26] [CLIENT_HOST: MD-Server1c.mf.metafrax.ru] [CarNumberController::getToDestination] input: {
"type_car": "ЦС",
"freight_name": "КФС"
}
[2026-05-21 01:40:59] [IP: 192.168.116.26] [CLIENT_HOST: MD-Server1c.mf.metafrax.ru] [CarNumberController::getToDestination] input: {
"type_car": "ЦС",
"freight_name": "КФС"
}
[2026-05-21 01:41:32] [IP: 192.168.116.26] [CLIENT_HOST: MD-Server1c.mf.metafrax.ru] [CarNumberController::getToDestination] input: {
"type_car": "ЦС",
"freight_name": "КФС"
}
[2026-05-21 01:44:34] [IP: 192.168.116.26] [CLIENT_HOST: MD-Server1c.mf.metafrax.ru] [CarNumberController::GetWeighingData] input: {
"cars": [
{
"car_number": "50056019",
"weight_type": "tare"
},
{
"car_number": "94439742",
"weight_type": "tare"
},
{
"car_number": "94389533",
"weight_type": "brutto"
}
]
}
[2026-05-21 01:45:03] [IP: 192.168.116.26] [CLIENT_HOST: MD-Server1c.mf.metafrax.ru] [CarNumberController::getToDestination] input: {
"type_car": "ЦС",
"freight_name": "КФС"
}
[2026-05-21 01:45:43] [IP: 192.168.116.26] [CLIENT_HOST: MD-Server1c.mf.metafrax.ru] [CarNumberController::getToDestination] input: {
"type_car": "ЦС",
"freight_name": "КФС"
}
[2026-05-21 01:46:40] [IP: 192.168.116.26] [CLIENT_HOST: MD-Server1c.mf.metafrax.ru] [CarNumberController::createWagonLoading] input: {
"data": [
{
"date_post": "21.05.2026 01:46:36",
"date_start": "",
"date_end": "",
"date_zayavka_uvod": "",
"date_uvod": "",
"who_looked_id": "KULINYAKLY",
"who_start_id": "",
"who_end_id": "",
"who_zayavka_id": "",
"car_number": "50056019",
"cont_number": "",
"freight_name": "КФС",
"cargo_weight": "",
"tare_weight": "",
"gross_weight": "",
"refusal": "",
"scales_data": "Весы корп.1831 (карбамид)",
"otgruzka_1c_id": "78233",
"shop_info_id": "0"
}
]
}
[2026-05-21 01:46:51] [IP: 192.168.116.26] [CLIENT_HOST: MD-Server1c.mf.metafrax.ru] [CarNumberController::createWagonLoading] input: {
"data": [
{
"date_post": "21.05.2026 01:46:46",
"date_start": "",
"date_end": "",
"date_zayavka_uvod": "",
"date_uvod": "",
"who_looked_id": "KULINYAKLY",
"who_start_id": "",
"who_end_id": "",
"who_zayavka_id": "",
"car_number": "90963950",
"cont_number": "FAVU1201781",
"freight_name": "КФС",
"cargo_weight": "",
"tare_weight": "",
"gross_weight": "",
"refusal": "",
"scales_data": "Весы корп.1831 (карбамид)",
"otgruzka_1c_id": "78230",
"shop_info_id": "0"
},
{
"date_post": "21.05.2026 01:46:46",
"date_start": "",
"date_end": "",
"date_zayavka_uvod": "",
"date_uvod": "",
"who_looked_id": "KULINYAKLY",
"who_start_id": "",
"who_end_id": "",
"who_zayavka_id": "",
"car_number": "90963950",
"cont_number": "FAVU1201539",
"freight_name": "КФС",
"cargo_weight": "",
"tare_weight": "",
"gross_weight": "",
"refusal": "",
"scales_data": "Весы корп.1831 (карбамид)",
"otgruzka_1c_id": "78267",
"shop_info_id": "0"
}
]
}
[2026-05-21 01:47:03] [IP: 192.168.116.26] [CLIENT_HOST: MD-Server1c.mf.metafrax.ru] [CarNumberController::createWagonLoading] input: {
"data": [
{
"date_post": "21.05.2026 01:46:58",
"date_start": "",
"date_end": "",
"date_zayavka_uvod": "",
"date_uvod": "",
"who_looked_id": "KULINYAKLY",
"who_start_id": "",
"who_end_id": "",
"who_zayavka_id": "",
"car_number": "42274340",
"cont_number": "HITU2462215",
"freight_name": "КФС",
"cargo_weight": "",
"tare_weight": "",
"gross_weight": "",
"refusal": "",
"scales_data": "Весы корп.1831 (карбамид)",
"otgruzka_1c_id": "78266",
"shop_info_id": "0"
},
{
"date_post": "21.05.2026 01:46:58",
"date_start": "",
"date_end": "",
"date_zayavka_uvod": "",
"date_uvod": "",
"who_looked_id": "KULINYAKLY",
"who_start_id": "",
"who_end_id": "",
"who_zayavka_id": "",
"car_number": "42274340",
"cont_number": "HITU2462220",
"freight_name": "КФС",
"cargo_weight": "",
"tare_weight": "",
"gross_weight": "",
"refusal": "",
"scales_data": "Весы корп.1831 (карбамид)",
"otgruzka_1c_id": "78268",
"shop_info_id": "0"
}
]
}
[2026-05-21 01:49:34] [IP: 192.168.116.26] [CLIENT_HOST: MD-Server1c.mf.metafrax.ru] [CarNumberController::createWagonLoading] input: {
"data": [
{
"date_post": "21.05.2026 00:46:36",
"date_start": "21.05.2026 01:48:37",
"date_end": "",
"date_zayavka_uvod": "",
"date_uvod": "",
"who_looked_id": "KULINYAKLY",
"who_start_id": "KULINYAKLY",
"who_end_id": "",
"who_zayavka_id": "",
"car_number": "50056019",
"cont_number": "",
"freight_name": "КФС",
"cargo_weight": "",
"tare_weight": "",
"gross_weight": "",
"refusal": "",
"scales_data": "Весы корп.1831 (карбамид)",
"otgruzka_1c_id": "78233",
"shop_info_id": "519026"
}
]
}
[2026-05-21 01:50:25] [IP: 192.168.116.26] [CLIENT_HOST: MD-Server1c.mf.metafrax.ru] [CarNumberController::createWagonLoading] input: {
"data": [
{
"date_post": "21.05.2026 00:46:46",
"date_start": "21.05.2026 01:48:44",
"date_end": "",
"date_zayavka_uvod": "",
"date_uvod": "",
"who_looked_id": "KULINYAKLY",
"who_start_id": "KULINYAKLY",
"who_end_id": "",
"who_zayavka_id": "",
"car_number": "90963950",
"cont_number": "FAVU1201781",
"freight_name": "КФС",
"cargo_weight": "",
"tare_weight": "",
"gross_weight": "",
"refusal": "",
"scales_data": "Весы корп.1831 (карбамид)",
"otgruzka_1c_id": "78230",
"shop_info_id": "519027"
},
{
"date_post": "21.05.2026 00:46:46",
"date_start": "21.05.2026 01:48:51",
"date_end": "",
"date_zayavka_uvod": "",
"date_uvod": "",
"who_looked_id": "KULINYAKLY",
"who_start_id": "KULINYAKLY",
"who_end_id": "",
"who_zayavka_id": "",
"car_number": "90963950",
"cont_number": "FAVU1201539",
"freight_name": "КФС",
"cargo_weight": "",
"tare_weight": "",
"gross_weight": "",
"refusal": "",
"scales_data": "Весы корп.1831 (карбамид)",
"otgruzka_1c_id": "78267",
"shop_info_id": "519028"
}
]
}
[2026-05-21 01:50:51] [IP: 192.168.116.26] [CLIENT_HOST: MD-Server1c.mf.metafrax.ru] [CarNumberController::createWagonLoading] input: {
"data": [
{
"date_post": "21.05.2026 00:46:58",
"date_start": "21.05.2026 01:48:59",
"date_end": "",
"date_zayavka_uvod": "",
"date_uvod": "",
"who_looked_id": "KULINYAKLY",
"who_start_id": "KULINYAKLY",
"who_end_id": "",
"who_zayavka_id": "",
"car_number": "42274340",
"cont_number": "HITU2462215",
"freight_name": "КФС",
"cargo_weight": "",
"tare_weight": "",
"gross_weight": "",
"refusal": "",
"scales_data": "Весы корп.1831 (карбамид)",
"otgruzka_1c_id": "78266",
"shop_info_id": "519029"
},
{
"date_post": "21.05.2026 00:46:58",
"date_start": "21.05.2026 01:49:07",
"date_end": "",
"date_zayavka_uvod": "",
"date_uvod": "",
"who_looked_id": "KULINYAKLY",
"who_start_id": "KULINYAKLY",
"who_end_id": "",
"who_zayavka_id": "",
"car_number": "42274340",
"cont_number": "HITU2462220",
"freight_name": "КФС",
"cargo_weight": "",
"tare_weight": "",
"gross_weight": "",
"refusal": "",
"scales_data": "Весы корп.1831 (карбамид)",
"otgruzka_1c_id": "78268",
"shop_info_id": "519030"
}
]
}
[2026-05-21 01:58:26] [IP: 192.168.116.26] [CLIENT_HOST: MD-Server1c.mf.metafrax.ru] [CarNumberController::createWagonLoading] input: {
"data": [
{
"date_post": "21.05.2026 00:46:36",
"date_start": "21.05.2026 01:48:37",
"date_end": "21.05.2026 01:57:04",
"date_zayavka_uvod": "20.05.2026 23:58:24",
"date_uvod": "",
"who_looked_id": "KULINYAKLY",
"who_start_id": "KULINYAKLY",
"who_end_id": "KULINYAKLY",
"who_zayavka_id": "",
"car_number": "50056019",
"cont_number": "",
"freight_name": "КФС",
"tare_weight": "24400",
"gross_weight": "88400",
"cargo_weight": "64000",
"refusal": "",
"scales_data": "Весы корп.1831 (карбамид)",
"otgruzka_1c_id": "78233",
"shop_info_id": "519026"
},
{
"date_post": "21.05.2026 00:46:46",
"date_start": "21.05.2026 01:48:44",
"date_end": "21.05.2026 01:57:33",
"date_zayavka_uvod": "20.05.2026 23:58:24",
"date_uvod": "",
"who_looked_id": "KULINYAKLY",
"who_start_id": "KULINYAKLY",
"who_end_id": "KULINYAKLY",
"who_zayavka_id": "",
"car_number": "90963950",
"cont_number": "FAVU1201781",
"freight_name": "КФС",
"tare_weight": "13570",
"gross_weight": "41570",
"cargo_weight": "28000",
"refusal": "",
"scales_data": "Весы корп.1831 (карбамид)",
"otgruzka_1c_id": "78230",
"shop_info_id": "519027"
},
{
"date_post": "21.05.2026 00:46:46",
"date_start": "21.05.2026 01:48:51",
"date_end": "21.05.2026 01:57:42",
"date_zayavka_uvod": "20.05.2026 23:58:24",
"date_uvod": "",
"who_looked_id": "KULINYAKLY",
"who_start_id": "KULINYAKLY",
"who_end_id": "KULINYAKLY",
"who_zayavka_id": "",
"car_number": "90963950",
"cont_number": "FAVU1201539",
"freight_name": "КФС",
"tare_weight": "13570",
"gross_weight": "41570",
"cargo_weight": "28000",
"refusal": "",
"scales_data": "Весы корп.1831 (карбамид)",
"otgruzka_1c_id": "78267",
"shop_info_id": "519028"
},
{
"date_post": "21.05.2026 00:46:58",
"date_start": "21.05.2026 01:48:59",
"date_end": "21.05.2026 01:57:50",
"date_zayavka_uvod": "20.05.2026 23:58:24",
"date_uvod": "",
"who_looked_id": "KULINYAKLY",
"who_start_id": "KULINYAKLY",
"who_end_id": "KULINYAKLY",
"who_zayavka_id": "",
"car_number": "42274340",
"cont_number": "HITU2462215",
"freight_name": "КФС",
"tare_weight": "14490",
"gross_weight": "42490",
"cargo_weight": "28000",
"refusal": "",
"scales_data": "Весы корп.1831 (карбамид)",
"otgruzka_1c_id": "78266",
"shop_info_id": "519029"
},
{
"date_post": "21.05.2026 00:46:58",
"date_start": "21.05.2026 01:49:07",
"date_end": "21.05.2026 01:57:57",
"date_zayavka_uvod": "20.05.2026 23:58:24",
"date_uvod": "",
"who_looked_id": "KULINYAKLY",
"who_start_id": "KULINYAKLY",
"who_end_id": "KULINYAKLY",
"who_zayavka_id": "",
"car_number": "42274340",
"cont_number": "HITU2462220",
"freight_name": "КФС",
"tare_weight": "14490",
"gross_weight": "42490",
"cargo_weight": "28000",
"refusal": "",
"scales_data": "Весы корп.1831 (карбамид)",
"otgruzka_1c_id": "78268",
"shop_info_id": "519030"
}
]
}
[2026-05-21 02:23:49] [IP: 192.168.116.26] [CLIENT_HOST: MD-Server1c.mf.metafrax.ru] [CarNumberController::GetWeighingData] input: {
"cars": [
{
"car_number": "94439742",
"weight_type": "tare"
},
{
"car_number": "42274340",
"weight_type": "brutto"
},
{
"car_number": "90963950",
"weight_type": "brutto"
},
{
"car_number": "50056019",
"weight_type": "brutto"
},
{
"car_number": "94389533",
"weight_type": "brutto"
}
]
}
[2026-05-21 02:24:59] [IP: 192.168.116.26] [CLIENT_HOST: MD-Server1c.mf.metafrax.ru] [CarNumberController::createWagonLoading] input: {
"data": [
{
"date_post": "25.04.2026 20:20:21",
"date_start": "26.04.2026 08:22:48",
"date_end": "",
"date_zayavka_uvod": "07.05.2026 18:39:40",
"date_uvod": "21.05.2026 02:24:47",
"who_looked_id": "UFIMTSEVVV",
"who_start_id": "KULINYAKLY",
"who_end_id": "UFIMTSEVVV",
"who_zayavka_id": "KULINYAKLY",
"car_number": "90963950",
"cont_number": "FAVU1201781",
"freight_name": "КФС",
"tare_weight": "13570",
"gross_weight": "41570",
"cargo_weight": "28000",
"refusal": "",
"scales_data": "Весы корп.1831 (карбамид)",
"otgruzka_1c_id": "78110",
"shop_info_id": "519016"
},
{
"date_post": "25.04.2026 20:20:21",
"date_start": "26.04.2026 09:23:42",
"date_end": "",
"date_zayavka_uvod": "07.05.2026 18:39:40",
"date_uvod": "21.05.2026 02:24:47",
"who_looked_id": "UFIMTSEVVV",
"who_start_id": "KULINYAKLY",
"who_end_id": "KULINYAKLY",
"who_zayavka_id": "KULINYAKLY",
"car_number": "90963950",
"cont_number": "FAVU1201539",
"freight_name": "КФС",
"tare_weight": "13570",
"gross_weight": "41570",
"cargo_weight": "28000",
"refusal": "",
"scales_data": "Весы корп.1831 (карбамид)",
"otgruzka_1c_id": "78115",
"shop_info_id": "519017"
}
]
}
[2026-05-21 02:25:09] [IP: 192.168.116.26] [CLIENT_HOST: MD-Server1c.mf.metafrax.ru] [CarNumberController::createWagonLoading] input: {
"data": [
{
"date_post": "21.05.2026 00:46:36",
"date_start": "21.05.2026 01:48:37",
"date_end": "21.05.2026 01:57:04",
"date_zayavka_uvod": "20.05.2026 23:58:24",
"date_uvod": "21.05.2026 02:25:04",
"who_looked_id": "KULINYAKLY",
"who_start_id": "KULINYAKLY",
"who_end_id": "KULINYAKLY",
"who_zayavka_id": "KULINYAKLY",
"car_number": "50056019",
"cont_number": "",
"freight_name": "КФС",
"tare_weight": "24400",
"gross_weight": "88400",
"cargo_weight": "64000",
"refusal": "",
"scales_data": "Весы корп.1831 (карбамид)",
"otgruzka_1c_id": "78233",
"shop_info_id": "519026"
}
]
}
[2026-05-21 02:25:32] [IP: 192.168.116.26] [CLIENT_HOST: MD-Server1c.mf.metafrax.ru] [CarNumberController::createWagonLoading] input: {
"data": [
{
"date_post": "21.05.2026 00:46:46",
"date_start": "21.05.2026 01:48:44",
"date_end": "21.05.2026 01:57:33",
"date_zayavka_uvod": "20.05.2026 23:58:24",
"date_uvod": "21.05.2026 02:25:25",
"who_looked_id": "KULINYAKLY",
"who_start_id": "KULINYAKLY",
"who_end_id": "KULINYAKLY",
"who_zayavka_id": "KULINYAKLY",
"car_number": "90963950",
"cont_number": "FAVU1201781",
"freight_name": "КФС",
"tare_weight": "13570",
"gross_weight": "41570",
"cargo_weight": "28000",
"refusal": "",
"scales_data": "Весы корп.1831 (карбамид)",
"otgruzka_1c_id": "78230",
"shop_info_id": "519027"
},
{
"date_post": "21.05.2026 00:46:46",
"date_start": "21.05.2026 01:48:51",
"date_end": "21.05.2026 01:57:42",
"date_zayavka_uvod": "20.05.2026 23:58:24",
"date_uvod": "21.05.2026 02:25:25",
"who_looked_id": "KULINYAKLY",
"who_start_id": "KULINYAKLY",
"who_end_id": "KULINYAKLY",
"who_zayavka_id": "KULINYAKLY",
"car_number": "90963950",
"cont_number": "FAVU1201539",
"freight_name": "КФС",
"tare_weight": "13570",
"gross_weight": "41570",
"cargo_weight": "28000",
"refusal": "",
"scales_data": "Весы корп.1831 (карбамид)",
"otgruzka_1c_id": "78267",
"shop_info_id": "519028"
}
]
}
[2026-05-21 02:25:48] [IP: 192.168.116.26] [CLIENT_HOST: MD-Server1c.mf.metafrax.ru] [CarNumberController::createWagonLoading] input: {
"data": [
{
"date_post": "21.05.2026 00:46:58",
"date_start": "21.05.2026 01:49:07",
"date_end": "21.05.2026 01:57:57",
"date_zayavka_uvod": "20.05.2026 23:58:24",
"date_uvod": "21.05.2026 02:25:39",
"who_looked_id": "KULINYAKLY",
"who_start_id": "KULINYAKLY",
"who_end_id": "KULINYAKLY",
"who_zayavka_id": "KULINYAKLY",
"car_number": "42274340",
"cont_number": "HITU2462220",
"freight_name": "КФС",
"tare_weight": "14490",
"gross_weight": "42490",
"cargo_weight": "28000",
"refusal": "",
"scales_data": "Весы корп.1831 (карбамид)",
"otgruzka_1c_id": "78268",
"shop_info_id": "519030"
},
{
"date_post": "21.05.2026 00:46:58",
"date_start": "21.05.2026 01:48:59",
"date_end": "21.05.2026 01:57:50",
"date_zayavka_uvod": "20.05.2026 23:58:24",
"date_uvod": "21.05.2026 02:25:39",
"who_looked_id": "KULINYAKLY",
"who_start_id": "KULINYAKLY",
"who_end_id": "KULINYAKLY",
"who_zayavka_id": "KULINYAKLY",
"car_number": "42274340",
"cont_number": "HITU2462215",
"freight_name": "КФС",
"tare_weight": "14490",
"gross_weight": "42490",
"cargo_weight": "28000",
"refusal": "",
"scales_data": "Весы корп.1831 (карбамид)",
"otgruzka_1c_id": "78266",
"shop_info_id": "519029"
}
]
}
[2026-05-21 02:36:17] [IP: 192.168.116.26] [CLIENT_HOST: MD-Server1c.mf.metafrax.ru] [CarNumberController::GetWeighingData] input: {
"cars": [
{
"car_number": "94439742",
"weight_type": "tare"
},
{
"car_number": "94389533",
"weight_type": "brutto"
}
]
}
[2026-05-21 02:36:57] [IP: 192.168.116.26] [CLIENT_HOST: MD-Server1c.mf.metafrax.ru] [CarNumberController::GetWeighingData] input: {
"cars": [
{
"car_number": "94439742",
"weight_type": "tare"
},
{
"car_number": "94389533",
"weight_type": "brutto"
}
]
}
[2026-05-21 02:53:19] [IP: 192.168.116.26] [CLIENT_HOST: MD-Server1c.mf.metafrax.ru] [CarNumberController::getToDestination] input: {
"type_car": "ЦС",
"freight_name": ""
}
[2026-05-21 03:01:35] [IP: 192.168.116.26] [CLIENT_HOST: MD-Server1c.mf.metafrax.ru] [CarNumberController::GetWeighingData] input: {
"cars": [
{
"car_number": "94439742",
"weight_type": "tare"
},
{
"car_number": "50366418",
"weight_type": "tare"
},
{
"car_number": "50366277",
"weight_type": "tare"
},
{
"car_number": "94389533",
"weight_type": "brutto"
}
]
}
[2026-05-21 03:03:03] [IP: 192.168.116.26] [CLIENT_HOST: MD-Server1c.mf.metafrax.ru] [CarNumberController::GetWeighingData] input: {
"cars": [
{
"car_number": "94439742",
"weight_type": "tare"
},
{
"car_number": "94389533",
"weight_type": "brutto"
}
]
}
[2026-05-21 03:05:14] [IP: 192.168.116.26] [CLIENT_HOST: MD-Server1c.mf.metafrax.ru] [CarNumberController::GetWeighingData] input: {
"cars": [
{
"car_number": "94439742",
"weight_type": "tare"
},
{
"car_number": "94389533",
"weight_type": "brutto"
}
]
}
[2026-05-21 03:05:18] [IP: 192.168.116.26] [CLIENT_HOST: MD-Server1c.mf.metafrax.ru] [CarNumberController::GetWeighingData] input: {
"cars": [
{
"car_number": "94439742",
"weight_type": "tare"
},
{
"car_number": "94389533",
"weight_type": "brutto"
}
]
}
[2026-05-21 03:07:55] [IP: 192.168.116.26] [CLIENT_HOST: MD-Server1c.mf.metafrax.ru] [CarNumberController::GetWeighingData] input: {
"cars": [
{
"car_number": "94439742",
"weight_type": "tare"
},
{
"car_number": "94389533",
"weight_type": "brutto"
}
]
}
[2026-05-21 03:08:44] [IP: 192.168.116.26] [CLIENT_HOST: MD-Server1c.mf.metafrax.ru] [CarNumberController::GetWeighingData] input: {
"cars": [
{
"car_number": "94439742",
"weight_type": "tare"
},
{
"car_number": "94389533",
"weight_type": "brutto"
}
]
}
[2026-05-21 03:10:17] [IP: 192.168.116.26] [CLIENT_HOST: MD-Server1c.mf.metafrax.ru] [CarNumberController::GetWeighingData] input: {
"cars": [
{
"car_number": "94439742",
"weight_type": "tare"
},
{
"car_number": "94389533",
"weight_type": "brutto"
}
]
}
[2026-05-21 03:10:53] [IP: 192.168.116.26] [CLIENT_HOST: MD-Server1c.mf.metafrax.ru] [CarNumberController::getToDestination] input: {
"type_car": [
"ЦС",
"ПЛ"
],
"freight_name": ""
}
[2026-05-21 03:11:12] [IP: 192.168.116.26] [CLIENT_HOST: MD-Server1c.mf.metafrax.ru] [CarNumberController::getToDestination] input: {
"type_car": "ПЛ",
"freight_name": ""
}
[2026-05-21 03:13:32] [IP: 192.168.116.26] [CLIENT_HOST: MD-Server1c.mf.metafrax.ru] [CarNumberController::getToDestination] input: {
"type_car": "ПЛ",
"freight_name": ""
}
[2026-05-21 03:24:55] [IP: 192.168.116.26] [CLIENT_HOST: MD-Server1c.mf.metafrax.ru] [CarNumberController::GetWeighingData] input: {
"cars": [
{
"car_number": "54524350",
"weight_type": "tare"
},
{
"car_number": "94439742",
"weight_type": "tare"
},
{
"car_number": "94389533",
"weight_type": "brutto"
}
]
}
[2026-05-21 03:29:39] [IP: 192.168.116.26] [CLIENT_HOST: MD-Server1c.mf.metafrax.ru] [CarNumberController::getToDestination] input: {
"type_car": "ПЛ",
"freight_name": ""
}
[2026-05-21 03:39:21] [IP: 192.168.116.26] [CLIENT_HOST: MD-Server1c.mf.metafrax.ru] [CarNumberController::GetWeighingData] input: {
"cars": [
{
"car_number": "94439742",
"weight_type": "tare"
},
{
"car_number": "42071704",
"weight_type": "tare"
},
{
"car_number": "94389533",
"weight_type": "brutto"
}
]
}
[2026-05-21 09:51:38] [IP: 192.168.116.26] [CLIENT_HOST: MD-Server1c.mf.metafrax.ru] [CarNumberController::getToDestination] input: {
"type_car": "ЦС",
"freight_name": "КФС"
}
[2026-05-21 09:55:48] [IP: 192.168.116.26] [CLIENT_HOST: MD-Server1c.mf.metafrax.ru] [CarNumberController::getToDestination] input: {
"type_car": "ПЛ",
"freight_name": ""
}
[2026-05-21 10:44:17] [IP: 192.168.116.26] [CLIENT_HOST: MD-Server1c.mf.metafrax.ru] [CarNumberController::GetWeighingData] input: {
"cars": [
{
"car_number": "54524350",
"weight_type": "tare"
},
{
"car_number": "94439742",
"weight_type": "tare"
},
{
"car_number": "94389533",
"weight_type": "brutto"
}
]
}
[2026-05-21 13:25:43] [IP: 192.168.116.26] [CLIENT_HOST: MD-Server1c.mf.metafrax.ru] [CarNumberController::getToDestination] input: {
"type_car": [
"ЦС",
"ПЛ"
],
"freight_name": "КФС"
}
[2026-05-21 13:26:26] [IP: 192.168.116.26] [CLIENT_HOST: MD-Server1c.mf.metafrax.ru] [CarNumberController::getToDestination] input: {
"type_car": "ЦС",
"freight_name": "КФС"
}
[2026-05-21 13:27:09] [IP: 192.168.116.26] [CLIENT_HOST: MD-Server1c.mf.metafrax.ru] [CarNumberController::getToDestination] input: {
"type_car": "ПЛ",
"freight_name": "КФС"
}
[2026-05-21 13:28:52] [IP: 192.168.116.26] [CLIENT_HOST: MD-Server1c.mf.metafrax.ru] [CarNumberController::getToDestination] input: {
"type_car": "ЦС",
"freight_name": "КФС"
}
[2026-05-21 13:30:31] [IP: 192.168.116.26] [CLIENT_HOST: MD-Server1c.mf.metafrax.ru] [CarNumberController::getToDestination] input: {
"type_car": "ПЛ",
"freight_name": "КФС"
}
[2026-05-21 13:31:18] [IP: 192.168.116.26] [CLIENT_HOST: MD-Server1c.mf.metafrax.ru] [CarNumberController::getToDestination] input: {
"type_car": "ПЛ",
"freight_name": "КФС"
}
[2026-05-21 13:32:11] [IP: 192.168.116.26] [CLIENT_HOST: MD-Server1c.mf.metafrax.ru] [CarNumberController::getToDestination] input: {
"type_car": "ПЛ",
"freight_name": "КФС"
}
[2026-05-21 13:34:13] [IP: 192.168.116.26] [CLIENT_HOST: MD-Server1c.mf.metafrax.ru] [CarNumberController::getToDestination] input: {
"type_car": "ПЛ",
"freight_name": "КФС"
}
[2026-05-21 13:34:42] [IP: 192.168.116.26] [CLIENT_HOST: MD-Server1c.mf.metafrax.ru] [CarNumberController::getToDestination] input: {
"type_car": "ПЛ",
"freight_name": "КФС"
}
[2026-05-21 13:38:01] [IP: 192.168.116.26] [CLIENT_HOST: MD-Server1c.mf.metafrax.ru] [CarNumberController::createWagonLoading] input: {
"data": [
{
"date_post": "21.05.2026 13:36:48",
"date_start": "",
"date_end": "",
"date_zayavka_uvod": "",
"date_uvod": "",
"who_looked_id": "KULINYAKLY",
"who_start_id": "",
"who_end_id": "",
"who_zayavka_id": "",
"car_number": "54524350",
"cont_number": "FAVU1200614",
"freight_name": "КФС",
"cargo_weight": "",
"tare_weight": "",
"gross_weight": "",
"refusal": "",
"scales_data": "Весы корп.1831 (карбамид)",
"otgruzka_1c_id": "78273",
"shop_info_id": "0"
},
{
"date_post": "21.05.2026 13:36:48",
"date_start": "",
"date_end": "",
"date_zayavka_uvod": "",
"date_uvod": "",
"who_looked_id": "KULINYAKLY",
"who_start_id": "",
"who_end_id": "",
"who_zayavka_id": "",
"car_number": "54524350",
"cont_number": "FAVU1200240",
"freight_name": "КФС",
"cargo_weight": "",
"tare_weight": "",
"gross_weight": "",
"refusal": "",
"scales_data": "Весы корп.1831 (карбамид)",
"otgruzka_1c_id": "78280",
"shop_info_id": "0"
}
]
}
[2026-05-21 13:38:17] [IP: 192.168.116.26] [CLIENT_HOST: MD-Server1c.mf.metafrax.ru] [CarNumberController::createWagonLoading] input: {
"data": [
{
"date_post": "21.05.2026 13:36:09",
"date_start": "",
"date_end": "",
"date_zayavka_uvod": "",
"date_uvod": "",
"who_looked_id": "KULINYAKLY",
"who_start_id": "",
"who_end_id": "",
"who_zayavka_id": "",
"car_number": "42249722",
"cont_number": "HITU2460402",
"freight_name": "КФС",
"cargo_weight": "",
"tare_weight": "",
"gross_weight": "",
"refusal": "",
"scales_data": "Весы корп.1831 (карбамид)",
"otgruzka_1c_id": "78274",
"shop_info_id": "0"
},
{
"date_post": "21.05.2026 13:36:09",
"date_start": "",
"date_end": "",
"date_zayavka_uvod": "",
"date_uvod": "",
"who_looked_id": "KULINYAKLY",
"who_start_id": "",
"who_end_id": "",
"who_zayavka_id": "",
"car_number": "42249722",
"cont_number": "HITU2460486",
"freight_name": "КФС",
"cargo_weight": "",
"tare_weight": "",
"gross_weight": "",
"refusal": "",
"scales_data": "Весы корп.1831 (карбамид)",
"otgruzka_1c_id": "78279",
"shop_info_id": "0"
}
]
}
[2026-05-21 13:38:30] [IP: 192.168.116.26] [CLIENT_HOST: MD-Server1c.mf.metafrax.ru] [CarNumberController::createWagonLoading] input: {
"data": [
{
"date_post": "21.05.2026 13:36:22",
"date_start": "",
"date_end": "",
"date_zayavka_uvod": "",
"date_uvod": "",
"who_looked_id": "KULINYAKLY",
"who_start_id": "",
"who_end_id": "",
"who_zayavka_id": "",
"car_number": "50366418",
"cont_number": "",
"freight_name": "КФС",
"cargo_weight": "",
"tare_weight": "",
"gross_weight": "",
"refusal": "",
"scales_data": "Весы корп.1831 (карбамид)",
"otgruzka_1c_id": "78272",
"shop_info_id": "0"
}
]
}
[2026-05-21 13:44:26] [IP: 192.168.116.26] [CLIENT_HOST: MD-Server1c.mf.metafrax.ru] [CarNumberController::createWagonLoading] input: {
"data": [
{
"date_post": "21.05.2026 13:36:48",
"date_start": "21.05.2026 13:39:40",
"date_end": "21.05.2026 13:43:17",
"date_zayavka_uvod": "21.05.2026 11:44:23",
"date_uvod": "",
"who_looked_id": "KULINYAKLY",
"who_start_id": "KULINYAKLY",
"who_end_id": "KULINYAKLY",
"who_zayavka_id": "",
"car_number": "54524350",
"cont_number": "FAVU1200614",
"freight_name": "КФС",
"tare_weight": "10770",
"gross_weight": "38770",
"cargo_weight": "28000",
"refusal": "",
"scales_data": "Весы корп.1831 (карбамид)",
"otgruzka_1c_id": "78273",
"shop_info_id": "519031"
},
{
"date_post": "21.05.2026 13:36:48",
"date_start": "21.05.2026 13:39:45",
"date_end": "21.05.2026 13:43:25",
"date_zayavka_uvod": "21.05.2026 11:44:23",
"date_uvod": "",
"who_looked_id": "KULINYAKLY",
"who_start_id": "KULINYAKLY",
"who_end_id": "KULINYAKLY",
"who_zayavka_id": "",
"car_number": "54524350",
"cont_number": "FAVU1200240",
"freight_name": "КФС",
"tare_weight": "10770",
"gross_weight": "38770",
"cargo_weight": "28000",
"refusal": "",
"scales_data": "Весы корп.1831 (карбамид)",
"otgruzka_1c_id": "78280",
"shop_info_id": "519032"
}
]
}
[2026-05-21 13:45:08] [IP: 192.168.116.26] [CLIENT_HOST: MD-Server1c.mf.metafrax.ru] [CarNumberController::createWagonLoading] input: {
"data": [
{
"date_post": "21.05.2026 13:36:48",
"date_start": "21.05.2026 13:39:40",
"date_end": "21.05.2026 13:43:17",
"date_zayavka_uvod": "21.05.2026 11:44:23",
"date_uvod": "21.05.2026 13:44:40",
"who_looked_id": "KULINYAKLY",
"who_start_id": "KULINYAKLY",
"who_end_id": "KULINYAKLY",
"who_zayavka_id": "KULINYAKLY",
"car_number": "54524350",
"cont_number": "FAVU1200614",
"freight_name": "КФС",
"tare_weight": "10770",
"gross_weight": "38770",
"cargo_weight": "28000",
"refusal": "",
"scales_data": "Весы корп.1831 (карбамид)",
"otgruzka_1c_id": "78273",
"shop_info_id": "519031"
},
{
"date_post": "21.05.2026 13:36:48",
"date_start": "21.05.2026 13:39:45",
"date_end": "21.05.2026 13:43:25",
"date_zayavka_uvod": "21.05.2026 11:44:23",
"date_uvod": "21.05.2026 13:44:40",
"who_looked_id": "KULINYAKLY",
"who_start_id": "KULINYAKLY",
"who_end_id": "KULINYAKLY",
"who_zayavka_id": "KULINYAKLY",
"car_number": "54524350",
"cont_number": "FAVU1200240",
"freight_name": "КФС",
"tare_weight": "10770",
"gross_weight": "38770",
"cargo_weight": "28000",
"refusal": "",
"scales_data": "Весы корп.1831 (карбамид)",
"otgruzka_1c_id": "78280",
"shop_info_id": "519032"
}
]
}
[2026-05-21 13:59:15] [IP: 192.168.116.26] [CLIENT_HOST: MD-Server1c.mf.metafrax.ru] [CarNumberController::GetWeighingData] input: {
"cars": [
{
"car_number": "94439742",
"weight_type": "tare"
},
{
"car_number": "54524350",
"weight_type": "brutto"
},
{
"car_number": "94389533",
"weight_type": "brutto"
}
]
}
[2026-05-21 14:06:04] [IP: 192.168.116.26] [CLIENT_HOST: MD-Server1c.mf.metafrax.ru] [CarNumberController::GetWeighingData] input: {
"cars": [
{
"car_number": "94439742",
"weight_type": "tare"
},
{
"car_number": "94389533",
"weight_type": "brutto"
}
]
}
[2026-05-21 16:48:33] [IP: 192.168.116.26] [CLIENT_HOST: MD-Server1c.mf.metafrax.ru] [CarNumberController::createWagonLoading] input: {
"data": [
{
"date_post": "21.05.2026 13:36:48",
"date_start": "21.05.2026 13:39:40",
"date_end": "21.05.2026 13:43:17",
"date_zayavka_uvod": "21.05.2026 11:44:23",
"date_uvod": "21.05.2026 13:44:40",
"who_looked_id": "KULINYAKLY",
"who_start_id": "KULINYAKLY",
"who_end_id": "KULINYAKLY",
"who_zayavka_id": "KULINYAKLY",
"car_number": "54524350",
"cont_number": "FAVU1200614",
"freight_name": "КФС",
"tare_weight": "10770",
"gross_weight": "38770",
"cargo_weight": "28000",
"refusal": "",
"scales_data": "Весы корп.1831 (карбамид)",
"otgruzka_1c_id": "78273",
"shop_info_id": "519031"
},
{
"date_post": "21.05.2026 13:36:48",
"date_start": "21.05.2026 13:39:45",
"date_end": "21.05.2026 13:43:25",
"date_zayavka_uvod": "21.05.2026 11:44:23",
"date_uvod": "21.05.2026 13:44:40",
"who_looked_id": "KULINYAKLY",
"who_start_id": "KULINYAKLY",
"who_end_id": "KULINYAKLY",
"who_zayavka_id": "KULINYAKLY",
"car_number": "54524350",
"cont_number": "FAVU1200240",
"freight_name": "КФС",
"tare_weight": "10770",
"gross_weight": "38770",
"cargo_weight": "28000",
"refusal": "",
"scales_data": "Весы корп.1831 (карбамид)",
"otgruzka_1c_id": "78280",
"shop_info_id": "519032"
}
]
}
[2026-05-21 16:49:48] [IP: 192.168.116.26] [CLIENT_HOST: MD-Server1c.mf.metafrax.ru] [CarNumberController::createWagonLoading] input: {
"data": [
{
"date_post": "21.05.2026 13:36:48",
"date_start": "21.05.2026 13:39:40",
"date_end": "21.05.2026 13:43:17",
"date_zayavka_uvod": "21.05.2026 11:44:23",
"date_uvod": "21.05.2026 13:44:40",
"who_looked_id": "KULINYAKLY",
"who_start_id": "KULINYAKLY",
"who_end_id": "KULINYAKLY",
"who_zayavka_id": "KULINYAKLY",
"car_number": "54524350",
"cont_number": "FAVU1200614",
"freight_name": "КФС",
"tare_weight": "10770",
"gross_weight": "38770",
"cargo_weight": "28000",
"refusal": "",
"scales_data": "Весы корп.1831 (карбамид)",
"otgruzka_1c_id": "78273",
"shop_info_id": "519031"
},
{
"date_post": "21.05.2026 13:36:48",
"date_start": "21.05.2026 13:39:45",
"date_end": "21.05.2026 13:43:25",
"date_zayavka_uvod": "21.05.2026 11:44:23",
"date_uvod": "21.05.2026 13:44:40",
"who_looked_id": "KULINYAKLY",
"who_start_id": "KULINYAKLY",
"who_end_id": "KULINYAKLY",
"who_zayavka_id": "KULINYAKLY",
"car_number": "54524350",
"cont_number": "FAVU1200240",
"freight_name": "КФС",
"tare_weight": "10770",
"gross_weight": "38770",
"cargo_weight": "28000",
"refusal": "",
"scales_data": "Весы корп.1831 (карбамид)",
"otgruzka_1c_id": "78280",
"shop_info_id": "519032"
}
]
}
[2026-05-21 16:49:52] [IP: 192.168.116.26] [CLIENT_HOST: MD-Server1c.mf.metafrax.ru] [CarNumberController::createWagonLoading] input: {
"data": [
{
"date_post": "21.05.2026 13:36:48",
"date_start": "21.05.2026 13:39:40",
"date_end": "21.05.2026 13:43:17",
"date_zayavka_uvod": "21.05.2026 11:44:23",
"date_uvod": "21.05.2026 13:44:40",
"who_looked_id": "KULINYAKLY",
"who_start_id": "KULINYAKLY",
"who_end_id": "KULINYAKLY",
"who_zayavka_id": "KULINYAKLY",
"car_number": "54524350",
"cont_number": "FAVU1200614",
"freight_name": "КФС",
"tare_weight": "10770",
"gross_weight": "38770",
"cargo_weight": "28000",
"refusal": "",
"scales_data": "Весы корп.1831 (карбамид)",
"otgruzka_1c_id": "78273",
"shop_info_id": "519031"
},
{
"date_post": "21.05.2026 13:36:48",
"date_start": "21.05.2026 13:39:45",
"date_end": "21.05.2026 13:43:25",
"date_zayavka_uvod": "21.05.2026 11:44:23",
"date_uvod": "21.05.2026 13:44:40",
"who_looked_id": "KULINYAKLY",
"who_start_id": "KULINYAKLY",
"who_end_id": "KULINYAKLY",
"who_zayavka_id": "KULINYAKLY",
"car_number": "54524350",
"cont_number": "FAVU1200240",
"freight_name": "КФС",
"tare_weight": "10770",
"gross_weight": "38770",
"cargo_weight": "28000",
"refusal": "",
"scales_data": "Весы корп.1831 (карбамид)",
"otgruzka_1c_id": "78280",
"shop_info_id": "519032"
}
]
}
[2026-05-21 16:49:56] [IP: 192.168.116.26] [CLIENT_HOST: MD-Server1c.mf.metafrax.ru] [CarNumberController::createWagonLoading] input: {
"data": [
{
"date_post": "21.05.2026 13:36:48",
"date_start": "21.05.2026 13:39:40",
"date_end": "21.05.2026 13:43:17",
"date_zayavka_uvod": "21.05.2026 11:44:23",
"date_uvod": "21.05.2026 13:44:40",
"who_looked_id": "KULINYAKLY",
"who_start_id": "KULINYAKLY",
"who_end_id": "KULINYAKLY",
"who_zayavka_id": "KULINYAKLY",
"car_number": "54524350",
"cont_number": "FAVU1200614",
"freight_name": "КФС",
"tare_weight": "10770",
"gross_weight": "38770",
"cargo_weight": "28000",
"refusal": "",
"scales_data": "Весы корп.1831 (карбамид)",
"otgruzka_1c_id": "78273",
"shop_info_id": "519031"
},
{
"date_post": "21.05.2026 13:36:48",
"date_start": "21.05.2026 13:39:45",
"date_end": "21.05.2026 13:43:25",
"date_zayavka_uvod": "21.05.2026 11:44:23",
"date_uvod": "21.05.2026 13:44:40",
"who_looked_id": "KULINYAKLY",
"who_start_id": "KULINYAKLY",
"who_end_id": "KULINYAKLY",
"who_zayavka_id": "KULINYAKLY",
"car_number": "54524350",
"cont_number": "FAVU1200240",
"freight_name": "КФС",
"tare_weight": "10770",
"gross_weight": "38770",
"cargo_weight": "28000",
"refusal": "",
"scales_data": "Весы корп.1831 (карбамид)",
"otgruzka_1c_id": "78280",
"shop_info_id": "519032"
}
]
}
[2026-05-21 16:53:13] [IP: 192.168.116.26] [CLIENT_HOST: MD-Server1c.mf.metafrax.ru] [CarNumberController::createWagonLoading] input: {
"data": [
{
"date_post": "21.05.2026 16:49:18",
"date_start": "07.05.2026 01:00:00",
"date_end": "",
"date_zayavka_uvod": "",
"date_uvod": "",
"who_looked_id": "DYACHKOVDA",
"who_start_id": "ANYANOVAYO",
"who_end_id": "",
"who_zayavka_id": "",
"car_number": "50366574",
"cont_number": "",
"freight_name": "КФС",
"cargo_weight": "",
"tare_weight": "",
"gross_weight": "",
"refusal": "",
"scales_data": "Весы корп.1831 (карбамид)",
"otgruzka_1c_id": "78118",
"shop_info_id": "519020"
}
]
}
[2026-05-21 16:56:02] [IP: 192.168.116.26] [CLIENT_HOST: MD-Server1c.mf.metafrax.ru] [CarNumberController::createWagonLoading] input: {
"data": [
{
"date_post": "21.05.2026 16:48:15",
"date_start": "21.05.2026 16:49:19",
"date_end": "",
"date_zayavka_uvod": "",
"date_uvod": "",
"who_looked_id": "DYACHKOVDA",
"who_start_id": "DYACHKOVDA",
"who_end_id": "",
"who_zayavka_id": "",
"car_number": "50366574",
"cont_number": "",
"freight_name": "КФС",
"cargo_weight": "",
"tare_weight": "",
"gross_weight": "",
"refusal": "",
"scales_data": "Весы корп.1831 (карбамид)",
"otgruzka_1c_id": "78118",
"shop_info_id": "519020"
}
]
}
[2026-05-21 16:57:44] [IP: 192.168.116.26] [CLIENT_HOST: MD-Server1c.mf.metafrax.ru] [CarNumberController::getToDestination] input: {
"type_car": "ЦС",
"freight_name": "КФС"
}
[2026-05-21 16:59:32] [IP: 192.168.116.26] [CLIENT_HOST: MD-Server1c.mf.metafrax.ru] [CarNumberController::getToDestination] input: {
"type_car": "ЦС",
"freight_name": "КФС"
}
[2026-05-21 17:00:10] [IP: 192.168.116.26] [CLIENT_HOST: MD-Server1c.mf.metafrax.ru] [CarNumberController::getToDestination] input: {
"type_car": "ЦС",
"freight_name": ""
}
[2026-05-21 17:04:57] [IP: 192.168.116.26] [CLIENT_HOST: MD-Server1c.mf.metafrax.ru] [CarNumberController::createWagonLoading] input: {
"data": [
{
"date_post": "21.05.2026 17:01:04",
"date_start": "",
"date_end": "",
"date_zayavka_uvod": "",
"date_uvod": "",
"who_looked_id": "DYACHKOVDA",
"who_start_id": "",
"who_end_id": "",
"who_zayavka_id": "",
"car_number": "50366608",
"cont_number": "",
"freight_name": "КФС",
"cargo_weight": "",
"tare_weight": "",
"gross_weight": "",
"refusal": "",
"scales_data": "Весы корп.1831 (карбамид)",
"otgruzka_1c_id": "78247",
"shop_info_id": "0"
}
]
}
[2026-05-21 17:09:17] [IP: 192.168.116.26] [CLIENT_HOST: MD-Server1c.mf.metafrax.ru] [CarNumberController::getToDestination] input: {
"type_car": "ЦС",
"freight_name": "КФС"
}
[2026-05-21 17:09:28] [IP: 192.168.116.26] [CLIENT_HOST: MD-Server1c.mf.metafrax.ru] [CarNumberController::getToDestination] input: {
"type_car": "ЦС",
"freight_name": ""
}
[2026-05-21 17:10:43] [IP: 192.168.116.26] [CLIENT_HOST: MD-Server1c.mf.metafrax.ru] [CarNumberController::createWagonLoading] input: {
"data": [
{
"date_post": "21.05.2026 17:06:49",
"date_start": "21.05.2026 16:49:19",
"date_end": "21.05.2026 16:53:00",
"date_zayavka_uvod": "",
"date_uvod": "",
"who_looked_id": "DYACHKOVDA",
"who_start_id": "DYACHKOVDA",
"who_end_id": "DYACHKOVDA",
"who_zayavka_id": "",
"car_number": "50366608",
"cont_number": "",
"freight_name": "КФС",
"cargo_weight": "",
"tare_weight": "",
"gross_weight": "",
"refusal": "",
"scales_data": "Весы корп.1831 (карбамид)",
"otgruzka_1c_id": "78118",
"shop_info_id": "519020"
}
]
}
[2026-05-21 17:15:39] [IP: 192.168.116.26] [CLIENT_HOST: MD-Server1c.mf.metafrax.ru] [CarNumberController::createWagonLoading] input: {
"data": [
{
"date_post": "21.05.2026 17:11:47",
"date_start": "21.05.2026 16:49:19",
"date_end": "21.05.2026 16:53:00",
"date_zayavka_uvod": "",
"date_uvod": "",
"who_looked_id": "DYACHKOVDA",
"who_start_id": "DYACHKOVDA",
"who_end_id": "DYACHKOVDA",
"who_zayavka_id": "",
"car_number": "50366608",
"cont_number": "",
"freight_name": "КФС",
"cargo_weight": "",
"tare_weight": "",
"gross_weight": "",
"refusal": "",
"scales_data": "Весы корп.1831 (карбамид)",
"otgruzka_1c_id": "78118",
"shop_info_id": "519020"
}
]
}
[2026-05-21 22:46:44] [IP: 192.168.116.26] [CLIENT_HOST: MD-Server1c.mf.metafrax.ru] [CarNumberController::getToDestination] input: {
"type_car": [
"ЦС",
"ПЛ"
],
"freight_name": "КФС"
}
