[2026-05-25 08:47:31] [IP: 192.168.116.26] [CLIENT_HOST: MD-Server1c.mf.metafrax.ru] [CarNumberController::GetWeighingData] input: {
"cars": [
{
"car_number": "94379666",
"weight_type": "brutto"
},
{
"car_number": "94389533",
"weight_type": "brutto"
}
]
}
[2026-05-25 11:56:55] [IP: 192.168.116.26] [CLIENT_HOST: MD-Server1c.mf.metafrax.ru] [CarNumberController::getToDestination] input: {
"type_car": "ЦС",
"freight_name": ""
}
[2026-05-25 16:01:07] [IP: 192.168.116.26] [CLIENT_HOST: MD-Server1c.mf.metafrax.ru] [CarNumberController::getToDestination] input: {
"type_car": "ЦС",
"freight_name": ""
}
[2026-05-25 16:06:38] [IP: 192.168.116.26] [CLIENT_HOST: MD-Server1c.mf.metafrax.ru] [CarNumberController::getToDestination] input: {
"type_car": "ЦС",
"freight_name": ""
}
[2026-05-25 16:09:25] [IP: 192.168.116.26] [CLIENT_HOST: MD-Server1c.mf.metafrax.ru] [CarNumberController::getToDestination] input: {
"type_car": "ЦС",
"freight_name": ""
}
[2026-05-25 16:12:06] [IP: 192.168.116.26] [CLIENT_HOST: MD-Server1c.mf.metafrax.ru] [CarNumberController::getToDestination] input: {
"type_car": "ЦС",
"freight_name": ""
}
