[2026-05-08 08:54:14] [IP: ::1] [CLIENT_HOST: 134-305-11X.mf.metafrax.ru] [CarNumberController::getToDestination] input: {"TypeCar":["ПЛ"],"FreightName":["КФС"]}
[2026-05-08 08:55:15] [IP: ::1] [CLIENT_HOST: 134-305-11X.mf.metafrax.ru] [CarNumberController::getToDestination] input: {"TypeCar":["ПЛ"],"FreightName":["КФС"]}
[2026-05-08 08:55:41] [IP: ::1] [CLIENT_HOST: 134-305-11X.mf.metafrax.ru] [CarNumberController::getToDestination] input: {"TypeCar":["ПЛ"],"FreightName":["КФС"]}
[2026-05-08 08:56:19] [IP: ::1] [CLIENT_HOST: 134-305-11X.mf.metafrax.ru] [CarNumberController::getToDestination] input: {"TypeCar":["ПЛ"],"FreightName":["КФС"]}
[2026-05-08 08:57:16] [IP: ::1] [CLIENT_HOST: 134-305-11X.mf.metafrax.ru] [CarNumberController::getToDestination] input: {"TypeCar":["ПЛ"],"FreightName":["КФС"]}
[2026-05-08 08:59:05] [IP: ::1] [CLIENT_HOST: 134-305-11X.mf.metafrax.ru] [CarNumberController::getToDestination] input: {"TypeCar":["ПЛ"],"FreightName":["КФС"]}
[2026-05-08 09:02:39] [IP: ::1] [CLIENT_HOST: 134-305-11X.mf.metafrax.ru] [CarNumberController::getToDestination] input: {"TypeCar":["ПЛ"],"FreightName":["КФС"]}
[2026-05-08 09:47:31] [IP: ::1] [CLIENT_HOST: 134-305-11X.mf.metafrax.ru] [CarNumberController::getToDestination] input: {"TypeCar":["ПЛ"],"FreightName":["КФС"]}
[2026-05-08 09:55:58] [IP: ::1] [CLIENT_HOST: 134-305-11X.mf.metafrax.ru] [CarNumberController::getToDestination] input: {"TypeCar":["ПЛ"],"FreightName":["КФС"]}
[2026-05-08 10:33:36] [IP: 192.168.116.26] [CLIENT_HOST: MD-Server1c.mf.metafrax.ru] [CarNumberController::getToDestination] input: {
"type_car": "ПЛ",
"freight_name": "КФС"
}
[2026-05-08 10:34:31] [IP: 192.168.116.26] [CLIENT_HOST: MD-Server1c.mf.metafrax.ru] [CarNumberController::getToDestination] input: {
"type_car": "ЦС",
"freight_name": "КФС"
}
[2026-05-08 10:34:55] [IP: 192.168.116.26] [CLIENT_HOST: MD-Server1c.mf.metafrax.ru] [CarNumberController::createWagonLoading] input: {
"data": [
{
"date_post": "08.05.2026 08:34:49",
"date_start": "",
"date_end": "",
"date_zayavka_uvod": "",
"date_uvod": "",
"who_looked_id": "ANYANOVAYO",
"who_start_id": "",
"who_end_id": "",
"who_zayavka_id": "",
"car_number": "50366574",
"cont_number": "",
"freight_name": "КФС",
"cargo_weight": "",
"tare_weight": "",
"gross_weight": "",
"refusal": "",
"scales_data": "Весы корп.1831 (карбамид)",
"otgruzka_1c_id": "78118",
"shop_info_id": "0"
}
]
}
[2026-05-08 10:42:11] [IP: 192.168.116.26] [CLIENT_HOST: MD-Server1c.mf.metafrax.ru] [CarNumberController::GetWeighingData] input: {
"cars": [
{
"car_number": "94439742",
"weight_type": "tare"
},
{
"car_number": "53877643",
"weight_type": "brutto"
},
{
"car_number": "94389533",
"weight_type": "brutto"
},
{
"car_number": "50366335",
"weight_type": "brutto"
}
]
}
[2026-05-08 11:02:28] [IP: 192.168.116.26] [CLIENT_HOST: MD-Server1c.mf.metafrax.ru] [CarNumberController::getToDestination] input: {
"type_car": "ЦС",
"freight_name": "КФС"
}
[2026-05-08 11:02:54] [IP: 192.168.116.26] [CLIENT_HOST: MD-Server1c.mf.metafrax.ru] [CarNumberController::getToDestination] input: {
"type_car": "ПЛ",
"freight_name": "КФС"
}
[2026-05-08 11:03:09] [IP: 192.168.116.26] [CLIENT_HOST: MD-Server1c.mf.metafrax.ru] [CarNumberController::createWagonLoading] input: {
"data": [
{
"date_post": "08.05.2026 09:03:06",
"date_start": "",
"date_end": "",
"date_zayavka_uvod": "",
"date_uvod": "",
"who_looked_id": "ANYANOVAYO",
"who_start_id": "",
"who_end_id": "",
"who_zayavka_id": "",
"car_number": "50366608",
"cont_number": "",
"freight_name": "КФС",
"cargo_weight": "",
"tare_weight": "",
"gross_weight": "",
"refusal": "",
"scales_data": "Весы корп.1831 (карбамид)",
"otgruzka_1c_id": "78117",
"shop_info_id": "0"
}
]
}
[2026-05-08 11:08:22] [IP: 192.168.116.26] [CLIENT_HOST: MD-Server1c.mf.metafrax.ru] [CarNumberController::getToDestination] input: {
"type_car": "ЦС",
"freight_name": "КФС"
}
[2026-05-08 11:08:31] [IP: 192.168.116.26] [CLIENT_HOST: MD-Server1c.mf.metafrax.ru] [CarNumberController::getToDestination] input: {
"type_car": [
"ЦС",
"ПЛ"
],
"freight_name": "КФС"
}
[2026-05-08 11:08:58] [IP: 192.168.116.26] [CLIENT_HOST: MD-Server1c.mf.metafrax.ru] [CarNumberController::createWagonLoading] input: {
"data": [
{
"date_post": "08.05.2026 09:08:55",
"date_start": "",
"date_end": "",
"date_zayavka_uvod": "",
"date_uvod": "",
"who_looked_id": "ANYANOVAYO",
"who_start_id": "",
"who_end_id": "",
"who_zayavka_id": "",
"car_number": "50366574",
"cont_number": "",
"freight_name": "КФС",
"cargo_weight": "",
"tare_weight": "",
"gross_weight": "",
"refusal": "",
"scales_data": "Весы корп.1831 (карбамид)",
"otgruzka_1c_id": "78118",
"shop_info_id": "0"
}
]
}
[2026-05-08 14:05:59] [IP: 192.168.116.26] [CLIENT_HOST: MD-Server1c.mf.metafrax.ru] [CarNumberController::getToDestination] input: {
"type_car": "ЦС",
"freight_name": ""
}
[2026-05-08 14:07:18] [IP: 192.168.116.26] [CLIENT_HOST: MD-Server1c.mf.metafrax.ru] [CarNumberController::getToDestination] input: {
"type_car": "ЦС",
"freight_name": ""
}
[2026-05-08 14:13:39] [IP: 192.168.116.26] [CLIENT_HOST: MD-Server1c.mf.metafrax.ru] [CarNumberController::getToDestination] input: {
"type_car": "ЦС",
"freight_name": ""
}
[2026-05-08 14:16:33] [IP: 192.168.116.26] [CLIENT_HOST: MD-Server1c.mf.metafrax.ru] [CarNumberController::getToDestination] input: {
"type_car": "ЦС",
"freight_name": ""
}
[2026-05-08 14:17:34] [IP: 192.168.116.26] [CLIENT_HOST: MD-Server1c.mf.metafrax.ru] [CarNumberController::getToDestination] input: {
"type_car": "ЦС",
"freight_name": ""
}
[2026-05-08 14:18:56] [IP: 192.168.116.26] [CLIENT_HOST: MD-Server1c.mf.metafrax.ru] [CarNumberController::getToDestination] input: {
"type_car": "ПЛ",
"freight_name": "КФС"
}
[2026-05-08 14:33:35] [IP: 192.168.116.26] [CLIENT_HOST: MD-Server1c.mf.metafrax.ru] [CarNumberController::getToDestination] input: {
"type_car": "ПЛ",
"freight_name": "КФС"
}
[2026-05-08 14:33:59] [IP: 192.168.116.26] [CLIENT_HOST: MD-Server1c.mf.metafrax.ru] [CarNumberController::getToDestination] input: {
"type_car": "ПЛ",
"freight_name": "КФС"
}
[2026-05-08 18:59:52] [IP: 192.168.116.26] [CLIENT_HOST: MD-Server1c.mf.metafrax.ru] [CarNumberController::getToDestination] input: {
"type_car": "ПЛ",
"freight_name": "КФС"
}
[2026-05-08 19:01:59] [IP: 192.168.116.26] [CLIENT_HOST: MD-Server1c.mf.metafrax.ru] [CarNumberController::getToDestination] input: {
"type_car": "ПЛ",
"freight_name": "КФС"
}
[2026-05-08 19:11:20] [IP: 192.168.116.26] [CLIENT_HOST: MD-Server1c.mf.metafrax.ru] [CarNumberController::getToDestination] input: {
"type_car": "ПЛ",
"freight_name": "КФС"
}
[2026-05-08 19:13:22] [IP: 192.168.116.26] [CLIENT_HOST: MD-Server1c.mf.metafrax.ru] [CarNumberController::getToDestination] input: {
"type_car": "ПЛ",
"freight_name": "КФС"
}
[2026-05-08 19:23:27] [IP: 192.168.116.26] [CLIENT_HOST: MD-Server1c.mf.metafrax.ru] [CarNumberController::getToDestination] input: {
"type_car": [
"ЦС",
"ПЛ"
],
"freight_name": "КФС"
}
[2026-05-08 19:24:32] [IP: 192.168.116.26] [CLIENT_HOST: MD-Server1c.mf.metafrax.ru] [CarNumberController::getToDestination] input: {
"type_car": [
"ЦС",
"ПЛ"
],
"freight_name": "КФС"
}
[2026-05-08 19:28:42] [IP: 192.168.116.26] [CLIENT_HOST: MD-Server1c.mf.metafrax.ru] [CarNumberController::getToDestination] input: {
"type_car": "ПЛ",
"freight_name": "КФС"
}
[2026-05-08 19:38:56] [IP: 192.168.116.26] [CLIENT_HOST: MD-Server1c.mf.metafrax.ru] [CarNumberController::GetWeighingData] input: {
"cars": [
{
"car_number": "94439742",
"weight_type": "tare"
},
{
"car_number": "94389533",
"weight_type": "brutto"
}
]
}
[2026-05-08 19:39:37] [IP: 192.168.116.26] [CLIENT_HOST: MD-Server1c.mf.metafrax.ru] [CarNumberController::GetWeighingData] input: {
"cars": [
{
"car_number": "94439742",
"weight_type": "tare"
},
{
"car_number": "94389533",
"weight_type": "brutto"
}
]
}
[2026-05-08 19:41:46] [IP: 192.168.116.26] [CLIENT_HOST: MD-Server1c.mf.metafrax.ru] [CarNumberController::GetWeighingData] input: {
"cars": [
{
"car_number": "54524350",
"weight_type": "tare"
},
{
"car_number": "94439742",
"weight_type": "tare"
},
{
"car_number": "94389533",
"weight_type": "brutto"
}
]
}
[2026-05-08 19:42:31] [IP: 192.168.116.26] [CLIENT_HOST: MD-Server1c.mf.metafrax.ru] [CarNumberController::GetWeighingData] input: {
"cars": [
{
"car_number": "94439742",
"weight_type": "tare"
},
{
"car_number": "94389533",
"weight_type": "brutto"
}
]
}
[2026-05-08 19:43:22] [IP: 192.168.116.26] [CLIENT_HOST: MD-Server1c.mf.metafrax.ru] [CarNumberController::GetWeighingData] input: {
"cars": [
{
"car_number": "94439742",
"weight_type": "tare"
},
{
"car_number": "94389533",
"weight_type": "brutto"
}
]
}
[2026-05-08 19:47:42] [IP: 192.168.116.26] [CLIENT_HOST: MD-Server1c.mf.metafrax.ru] [CarNumberController::GetWeighingData] input: {
"cars": [
{
"car_number": "54524350",
"weight_type": "tare"
},
{
"car_number": "94439742",
"weight_type": "tare"
},
{
"car_number": "94389533",
"weight_type": "brutto"
}
]
}
[2026-05-08 19:47:48] [IP: 192.168.116.26] [CLIENT_HOST: MD-Server1c.mf.metafrax.ru] [CarNumberController::GetWeighingData] input: {
"cars": [
{
"car_number": "54524350",
"weight_type": "tare"
},
{
"car_number": "94439742",
"weight_type": "tare"
},
{
"car_number": "94389533",
"weight_type": "brutto"
}
]
}
[2026-05-08 19:50:21] [IP: 192.168.116.26] [CLIENT_HOST: MD-Server1c.mf.metafrax.ru] [CarNumberController::getToDestination] input: {
"type_car": "ПЛ",
"freight_name": "КФС"
}
