[2026-05-12 11:14:46] [IP: 192.168.116.26] [CLIENT_HOST: MD-Server1c.mf.metafrax.ru] [CarNumberController::getToDestination] input: {
"type_car": [
"ЦС",
"ПЛ"
],
"freight_name": ""
}
[2026-05-12 16:01:22] [IP: 192.168.116.26] [CLIENT_HOST: MD-Server1c.mf.metafrax.ru] [CarNumberController::getToDestination] input: {
"type_car": [
"ЦС",
"ПЛ"
],
"freight_name": ""
}
[2026-05-12 16:02:43] [IP: 192.168.116.26] [CLIENT_HOST: MD-Server1c.mf.metafrax.ru] [CarNumberController::getToDestination] input: {
"type_car": [
"ЦС",
"ПЛ"
],
"freight_name": ""
}
[2026-05-12 16:03:28] [IP: 192.168.116.26] [CLIENT_HOST: MD-Server1c.mf.metafrax.ru] [CarNumberController::getToDestination] input: {
"type_car": "ЦС",
"freight_name": ""
}
[2026-05-12 16:04:05] [IP: 192.168.116.26] [CLIENT_HOST: MD-Server1c.mf.metafrax.ru] [CarNumberController::getToDestination] input: {
"type_car": "ЦС",
"freight_name": ""
}
[2026-05-12 16:07:40] [IP: 192.168.116.26] [CLIENT_HOST: MD-Server1c.mf.metafrax.ru] [CarNumberController::getToDestination] input: {
"type_car": [
"ЦС",
"ПЛ"
],
"freight_name": ""
}
[2026-05-12 16:15:48] [IP: 192.168.116.26] [CLIENT_HOST: MD-Server1c.mf.metafrax.ru] [CarNumberController::getToDestination] input: {
"type_car": "ЦС",
"freight_name": ""
}
[2026-05-12 16:16:26] [IP: 192.168.116.26] [CLIENT_HOST: MD-Server1c.mf.metafrax.ru] [CarNumberController::getToDestination] input: {
"type_car": [
"ЦС",
"ПЛ"
],
"freight_name": ""
}
[2026-05-12 16:17:30] [IP: 192.168.116.26] [CLIENT_HOST: MD-Server1c.mf.metafrax.ru] [CarNumberController::getToDestination] input: {
"type_car": [
"ЦС",
"ПЛ"
],
"freight_name": ""
}
[2026-05-12 16:28:03] [IP: 192.168.116.26] [CLIENT_HOST: MD-Server1c.mf.metafrax.ru] [CarNumberController::getToDestination] input: {
"type_car": "ПЛ",
"freight_name": ""
}
[2026-05-12 16:28:19] [IP: 192.168.116.26] [CLIENT_HOST: MD-Server1c.mf.metafrax.ru] [CarNumberController::getToDestination] input: {
"type_car": "ПЛ",
"freight_name": ""
}
[2026-05-12 16:42:20] [IP: 192.168.116.26] [CLIENT_HOST: MD-Server1c.mf.metafrax.ru] [CarNumberController::getToDestination] input: {
"type_car": "ПЛ",
"freight_name": ""
}
