[2026-05-24 13:40:46] [IP: 192.168.116.26] [CLIENT_HOST: MD-Server1c.mf.metafrax.ru] [CarNumberController::createWagonLoading] input: {
"data": [
{
"date_post": "21.05.2026 05:30:00",
"date_start": "22.05.2026 23:00:00",
"date_end": "23.05.2026 21:00:00",
"date_zayavka_uvod": "24.05.2026 11:40:43",
"date_uvod": "",
"who_looked_id": "KULINYAKLY",
"who_start_id": "KULINYAKLY",
"who_end_id": "KULINYAKLY",
"who_zayavka_id": "",
"car_number": "94379666",
"cont_number": "IBMU2650149",
"freight_name": "КФС",
"tare_weight": "14340",
"gross_weight": "42340",
"cargo_weight": "28000",
"refusal": "",
"scales_data": "Весы корп.1831 (карбамид)",
"otgruzka_1c_id": "78290",
"shop_info_id": "519039"
},
{
"date_post": "21.05.2026 05:30:00",
"date_start": "22.05.2026 23:00:00",
"date_end": "23.05.2026 21:00:00",
"date_zayavka_uvod": "24.05.2026 11:40:43",
"date_uvod": "",
"who_looked_id": "KULINYAKLY",
"who_start_id": "KULINYAKLY",
"who_end_id": "KULINYAKLY",
"who_zayavka_id": "",
"car_number": "94379666",
"cont_number": "IBMU2650410",
"freight_name": "КФС",
"tare_weight": "14340",
"gross_weight": "42340",
"cargo_weight": "28000",
"refusal": "",
"scales_data": "Весы корп.1831 (карбамид)",
"otgruzka_1c_id": "78294",
"shop_info_id": "519040"
}
]
}
