[2026-05-19 10:22:27] [IP: 192.168.116.26] [CLIENT_HOST: MD-Server1c.mf.metafrax.ru] [CarNumberController::GetWeighingData] input: {
"cars": [
{
"car_number": "94439742",
"weight_type": "tare"
},
{
"car_number": "53877718",
"weight_type": "brutto"
},
{
"car_number": "94389533",
"weight_type": "brutto"
}
]
}
[2026-05-19 12:01:07] [IP: 192.168.116.26] [CLIENT_HOST: MD-Server1c.mf.metafrax.ru] [CarNumberController::getToDestination] input: {
"type_car": "ПЛ",
"freight_name": "КФС"
}
[2026-05-19 12:07:30] [IP: 192.168.116.26] [CLIENT_HOST: MD-Server1c.mf.metafrax.ru] [CarNumberController::getToDestination] input: {
"type_car": "ПЛ",
"freight_name": "КФС"
}
[2026-05-19 12:12:34] [IP: 192.168.116.26] [CLIENT_HOST: MD-Server1c.mf.metafrax.ru] [CarNumberController::getToDestination] input: {
"type_car": "ПЛ",
"freight_name": "КФС"
}
[2026-05-19 12:19:55] [IP: 192.168.116.26] [CLIENT_HOST: MD-Server1c.mf.metafrax.ru] [CarNumberController::getToDestination] input: {
"type_car": "ПЛ",
"freight_name": "КФС"
}
[2026-05-19 12:24:28] [IP: 192.168.116.26] [CLIENT_HOST: MD-Server1c.mf.metafrax.ru] [CarNumberController::getToDestination] input: {
"type_car": "ПЛ",
"freight_name": "КФС"
}
[2026-05-19 14:09:35] [IP: 192.168.116.26] [CLIENT_HOST: MD-Server1c.mf.metafrax.ru] [CarNumberController::getToDestination] input: {
"type_car": [
"ЦС",
"ПЛ"
],
"freight_name": ""
}
[2026-05-19 14:21:52] [IP: 192.168.116.26] [CLIENT_HOST: MD-Server1c.mf.metafrax.ru] [CarNumberController::getToDestination] input: {
"type_car": "ПЛ",
"freight_name": ""
}
[2026-05-19 14:24:35] [IP: 192.168.116.26] [CLIENT_HOST: MD-Server1c.mf.metafrax.ru] [CarNumberController::getToDestination] input: {
"type_car": [
"ЦС",
"ПЛ"
],
"freight_name": ""
}
[2026-05-19 14:30:10] [IP: 192.168.116.26] [CLIENT_HOST: MD-Server1c.mf.metafrax.ru] [CarNumberController::getToDestination] input: {
"type_car": [
"ЦС",
"ПЛ"
],
"freight_name": ""
}
[2026-05-19 14:32:41] [IP: 192.168.116.26] [CLIENT_HOST: MD-Server1c.mf.metafrax.ru] [CarNumberController::getToDestination] input: {
"type_car": "ПЛ",
"freight_name": ""
}
[2026-05-19 14:34:22] [IP: 192.168.116.26] [CLIENT_HOST: MD-Server1c.mf.metafrax.ru] [CarNumberController::getToDestination] input: {
"type_car": "ПЛ",
"freight_name": ""
}
[2026-05-19 14:45:18] [IP: 192.168.116.26] [CLIENT_HOST: MD-Server1c.mf.metafrax.ru] [CarNumberController::GetWeighingData] input: {
"cars": [
{
"car_number": "94439742",
"weight_type": "tare"
},
{
"car_number": "42147785",
"weight_type": "tare"
},
{
"car_number": "94389533",
"weight_type": "brutto"
}
]
}
[2026-05-19 14:45:45] [IP: 192.168.116.26] [CLIENT_HOST: MD-Server1c.mf.metafrax.ru] [CarNumberController::GetWeighingData] input: {
"cars": [
{
"car_number": "94439742",
"weight_type": "tare"
},
{
"car_number": "42147785",
"weight_type": "tare"
},
{
"car_number": "94389533",
"weight_type": "brutto"
}
]
}
[2026-05-19 14:55:14] [IP: 192.168.116.26] [CLIENT_HOST: MD-Server1c.mf.metafrax.ru] [CarNumberController::GetWeighingData] input: {
"cars": [
{
"car_number": "94439742",
"weight_type": "tare"
},
{
"car_number": "42147785",
"weight_type": "tare"
},
{
"car_number": "94389533",
"weight_type": "brutto"
}
]
}
[2026-05-19 15:16:16] [IP: 192.168.116.26] [CLIENT_HOST: MD-Server1c.mf.metafrax.ru] [CarNumberController::getToDestination] input: {
"type_car": "ПЛ",
"freight_name": ""
}
[2026-05-19 15:18:20] [IP: 192.168.116.26] [CLIENT_HOST: MD-Server1c.mf.metafrax.ru] [CarNumberController::createWagonLoading] input: {
"data": [
{
"date_post": "14.05.2026 05:00:00",
"date_start": "15.05.2026 15:12:18",
"date_end": "15.05.2026 15:12:57",
"date_zayavka_uvod": "18.05.2026 14:20:06",
"date_uvod": "18.05.2026 16:45:16",
"who_looked_id": "KULINYAKLY",
"who_start_id": "DYACHKOVDA",
"who_end_id": "DYACHKOVDA",
"who_zayavka_id": "DYACHKOVDA",
"car_number": "53877718",
"cont_number": "",
"freight_name": "КФС",
"cargo_weight": "",
"tare_weight": "",
"gross_weight": "",
"refusal": "",
"scales_data": "Весы корп.1831 (карбамид)",
"otgruzka_1c_id": "78141",
"shop_info_id": "519021"
}
]
}
[2026-05-19 15:20:11] [IP: 192.168.116.26] [CLIENT_HOST: MD-Server1c.mf.metafrax.ru] [CarNumberController::createWagonLoading] input: {
"data": [
{
"date_post": "13.05.2026 15:19:56",
"date_start": "",
"date_end": "",
"date_zayavka_uvod": "",
"date_uvod": "",
"who_looked_id": "KULINYAKLY",
"who_start_id": "",
"who_end_id": "",
"who_zayavka_id": "",
"car_number": "42147785",
"cont_number": "EXFU6639278",
"freight_name": "КФС",
"cargo_weight": "",
"tare_weight": "",
"gross_weight": "",
"refusal": "",
"scales_data": "Весы корп.1831 (карбамид)",
"otgruzka_1c_id": "78161",
"shop_info_id": "0"
},
{
"date_post": "13.05.2026 15:19:56",
"date_start": "",
"date_end": "",
"date_zayavka_uvod": "",
"date_uvod": "",
"who_looked_id": "KULINYAKLY",
"who_start_id": "",
"who_end_id": "",
"who_zayavka_id": "",
"car_number": "42147785",
"cont_number": "EXFU6638564",
"freight_name": "КФС",
"cargo_weight": "",
"tare_weight": "",
"gross_weight": "",
"refusal": "",
"scales_data": "Весы корп.1831 (карбамид)",
"otgruzka_1c_id": "78165",
"shop_info_id": "0"
}
]
}
[2026-05-19 16:00:43] [IP: 192.168.116.26] [CLIENT_HOST: MD-Server1c.mf.metafrax.ru] [CarNumberController::createWagonLoading] input: {
"data": [
{
"date_post": "13.05.2026 15:19:56",
"date_start": "14.05.2026 15:24:37",
"date_end": "15.05.2026 00:58:10",
"date_zayavka_uvod": "19.05.2026 14:00:41",
"date_uvod": "",
"who_looked_id": "KULINYAKLY",
"who_start_id": "KULINYAKLY",
"who_end_id": "UFIMTSEVVV",
"who_zayavka_id": "",
"car_number": "42147785",
"cont_number": "EXFU6639278",
"freight_name": "КФС",
"tare_weight": "14280",
"gross_weight": "42280",
"cargo_weight": "28000",
"refusal": "",
"scales_data": "Весы корп.1831 (карбамид)",
"otgruzka_1c_id": "78161",
"shop_info_id": "519022"
},
{
"date_post": "13.05.2026 15:19:56",
"date_start": "14.05.2026 15:25:01",
"date_end": "15.05.2026 15:51:51",
"date_zayavka_uvod": "19.05.2026 14:00:41",
"date_uvod": "",
"who_looked_id": "KULINYAKLY",
"who_start_id": "KULINYAKLY",
"who_end_id": "UFIMTSEVVV",
"who_zayavka_id": "",
"car_number": "42147785",
"cont_number": "EXFU6638564",
"freight_name": "КФС",
"tare_weight": "14280",
"gross_weight": "42280",
"cargo_weight": "28000",
"refusal": "",
"scales_data": "Весы корп.1831 (карбамид)",
"otgruzka_1c_id": "78165",
"shop_info_id": "519023"
}
]
}
[2026-05-19 16:02:48] [IP: 192.168.116.26] [CLIENT_HOST: MD-Server1c.mf.metafrax.ru] [CarNumberController::createWagonLoading] input: {
"data": [
{
"date_post": "13.05.2026 15:19:56",
"date_start": "14.05.2026 15:24:37",
"date_end": "15.05.2026 00:58:10",
"date_zayavka_uvod": "19.05.2026 14:00:41",
"date_uvod": "19.05.2026 16:02:35",
"who_looked_id": "KULINYAKLY",
"who_start_id": "KULINYAKLY",
"who_end_id": "UFIMTSEVVV",
"who_zayavka_id": "KULINYAKLY",
"car_number": "42147785",
"cont_number": "EXFU6639278",
"freight_name": "КФС",
"tare_weight": "14280",
"gross_weight": "42280",
"cargo_weight": "28000",
"refusal": "",
"scales_data": "Весы корп.1831 (карбамид)",
"otgruzka_1c_id": "78161",
"shop_info_id": "519022"
},
{
"date_post": "13.05.2026 15:19:56",
"date_start": "14.05.2026 15:25:01",
"date_end": "15.05.2026 15:51:51",
"date_zayavka_uvod": "19.05.2026 14:00:41",
"date_uvod": "19.05.2026 16:02:35",
"who_looked_id": "KULINYAKLY",
"who_start_id": "KULINYAKLY",
"who_end_id": "UFIMTSEVVV",
"who_zayavka_id": "KULINYAKLY",
"car_number": "42147785",
"cont_number": "EXFU6638564",
"freight_name": "КФС",
"tare_weight": "14280",
"gross_weight": "42280",
"cargo_weight": "28000",
"refusal": "",
"scales_data": "Весы корп.1831 (карбамид)",
"otgruzka_1c_id": "78165",
"shop_info_id": "519023"
}
]
}
[2026-05-19 16:34:58] [IP: 192.168.116.26] [CLIENT_HOST: MD-Server1c.mf.metafrax.ru] [CarNumberController::getToDestination] input: {
"type_car": "ПЛ",
"freight_name": ""
}
[2026-05-19 16:37:30] [IP: 192.168.116.26] [CLIENT_HOST: MD-Server1c.mf.metafrax.ru] [CarNumberController::getToDestination] input: {
"type_car": "ПЛ",
"freight_name": ""
}
[2026-05-19 16:38:51] [IP: 192.168.116.26] [CLIENT_HOST: MD-Server1c.mf.metafrax.ru] [CarNumberController::getToDestination] input: {
"type_car": "ПЛ",
"freight_name": ""
}
[2026-05-19 16:40:22] [IP: 192.168.116.26] [CLIENT_HOST: MD-Server1c.mf.metafrax.ru] [CarNumberController::getToDestination] input: {
"type_car": "ПЛ",
"freight_name": ""
}
[2026-05-19 16:48:47] [IP: 192.168.116.26] [CLIENT_HOST: MD-Server1c.mf.metafrax.ru] [CarNumberController::GetWeighingData] input: {
"cars": [
{
"car_number": "94439742",
"weight_type": "tare"
},
{
"car_number": "42293043",
"weight_type": "tare"
},
{
"car_number": "42147785",
"weight_type": "brutto"
},
{
"car_number": "94389533",
"weight_type": "brutto"
}
]
}
[2026-05-19 16:50:31] [IP: 192.168.116.26] [CLIENT_HOST: MD-Server1c.mf.metafrax.ru] [CarNumberController::getToDestination] input: {
"type_car": "ПЛ",
"freight_name": ""
}
[2026-05-19 16:51:32] [IP: 192.168.116.26] [CLIENT_HOST: MD-Server1c.mf.metafrax.ru] [CarNumberController::getToDestination] input: {
"type_car": "ПЛ",
"freight_name": ""
}
[2026-05-19 16:52:50] [IP: 192.168.116.26] [CLIENT_HOST: MD-Server1c.mf.metafrax.ru] [CarNumberController::getToDestination] input: {
"type_car": "ПЛ",
"freight_name": ""
}
[2026-05-19 16:54:14] [IP: 192.168.116.26] [CLIENT_HOST: MD-Server1c.mf.metafrax.ru] [CarNumberController::getToDestination] input: {
"type_car": "ПЛ",
"freight_name": ""
}
[2026-05-19 16:55:16] [IP: 192.168.116.26] [CLIENT_HOST: MD-Server1c.mf.metafrax.ru] [CarNumberController::createWagonLoading] input: {
"data": [
{
"date_post": "19.05.2026 10:00:00",
"date_start": "",
"date_end": "",
"date_zayavka_uvod": "",
"date_uvod": "",
"who_looked_id": "KULINYAKLY",
"who_start_id": "",
"who_end_id": "",
"who_zayavka_id": "",
"car_number": "42293043",
"cont_number": "EXFU6670910",
"freight_name": "КФС",
"cargo_weight": "",
"tare_weight": "",
"gross_weight": "",
"refusal": "",
"scales_data": "Весы корп.1831 (карбамид)",
"otgruzka_1c_id": "78170",
"shop_info_id": "0"
},
{
"date_post": "19.05.2026 10:00:00",
"date_start": "",
"date_end": "",
"date_zayavka_uvod": "",
"date_uvod": "",
"who_looked_id": "KULINYAKLY",
"who_start_id": "",
"who_end_id": "",
"who_zayavka_id": "",
"car_number": "42293043",
"cont_number": "EXFU6611326",
"freight_name": "КФС",
"cargo_weight": "",
"tare_weight": "",
"gross_weight": "",
"refusal": "",
"scales_data": "Весы корп.1831 (карбамид)",
"otgruzka_1c_id": "78171",
"shop_info_id": "0"
}
]
}
[2026-05-19 17:01:22] [IP: 192.168.116.26] [CLIENT_HOST: MD-Server1c.mf.metafrax.ru] [CarNumberController::createWagonLoading] input: {
"data": [
{
"date_post": "19.05.2026 10:00:00",
"date_start": "19.05.2026 10:56:47",
"date_end": "19.05.2026 16:50:17",
"date_zayavka_uvod": "19.05.2026 15:01:20",
"date_uvod": "",
"who_looked_id": "KULINYAKLY",
"who_start_id": "UFIMTSEVVV",
"who_end_id": "KULINYAKLY",
"who_zayavka_id": "",
"car_number": "42293043",
"cont_number": "EXFU6670910",
"freight_name": "КФС",
"tare_weight": "14280",
"gross_weight": "42280",
"cargo_weight": "28000",
"refusal": "",
"scales_data": "Весы корп.1831 (карбамид)",
"otgruzka_1c_id": "78170",
"shop_info_id": "519024"
},
{
"date_post": "19.05.2026 10:00:00",
"date_start": "19.05.2026 10:57:04",
"date_end": "19.05.2026 16:50:39",
"date_zayavka_uvod": "19.05.2026 15:01:20",
"date_uvod": "",
"who_looked_id": "KULINYAKLY",
"who_start_id": "UFIMTSEVVV",
"who_end_id": "KULINYAKLY",
"who_zayavka_id": "",
"car_number": "42293043",
"cont_number": "EXFU6611326",
"freight_name": "КФС",
"tare_weight": "14280",
"gross_weight": "42280",
"cargo_weight": "28000",
"refusal": "",
"scales_data": "Весы корп.1831 (карбамид)",
"otgruzka_1c_id": "78171",
"shop_info_id": "519025"
}
]
}
[2026-05-19 17:01:41] [IP: 192.168.116.26] [CLIENT_HOST: MD-Server1c.mf.metafrax.ru] [CarNumberController::createWagonLoading] input: {
"data": [
{
"date_post": "19.05.2026 10:00:00",
"date_start": "19.05.2026 10:56:47",
"date_end": "19.05.2026 16:50:17",
"date_zayavka_uvod": "19.05.2026 15:01:20",
"date_uvod": "19.05.2026 17:01:35",
"who_looked_id": "KULINYAKLY",
"who_start_id": "UFIMTSEVVV",
"who_end_id": "KULINYAKLY",
"who_zayavka_id": "KULINYAKLY",
"car_number": "42293043",
"cont_number": "EXFU6670910",
"freight_name": "КФС",
"tare_weight": "14280",
"gross_weight": "42280",
"cargo_weight": "28000",
"refusal": "",
"scales_data": "Весы корп.1831 (карбамид)",
"otgruzka_1c_id": "78170",
"shop_info_id": "519024"
},
{
"date_post": "19.05.2026 10:00:00",
"date_start": "19.05.2026 10:57:04",
"date_end": "19.05.2026 16:50:39",
"date_zayavka_uvod": "19.05.2026 15:01:20",
"date_uvod": "19.05.2026 17:01:35",
"who_looked_id": "KULINYAKLY",
"who_start_id": "UFIMTSEVVV",
"who_end_id": "KULINYAKLY",
"who_zayavka_id": "KULINYAKLY",
"car_number": "42293043",
"cont_number": "EXFU6611326",
"freight_name": "КФС",
"tare_weight": "14280",
"gross_weight": "42280",
"cargo_weight": "28000",
"refusal": "",
"scales_data": "Весы корп.1831 (карбамид)",
"otgruzka_1c_id": "78171",
"shop_info_id": "519025"
}
]
}
[2026-05-19 17:09:48] [IP: 192.168.116.26] [CLIENT_HOST: MD-Server1c.mf.metafrax.ru] [CarNumberController::GetWeighingData] input: {
"cars": [
{
"car_number": "94439742",
"weight_type": "tare"
},
{
"car_number": "42293043",
"weight_type": "brutto"
},
{
"car_number": "94389533",
"weight_type": "brutto"
}
]
}
