[2026-05-19 14:16:20] [IP: 192.168.116.26] [CLIENT_HOST: MD-Server1c.mf.metafrax.ru] [RequestController::getStatus] input: 156883
[2026-05-19 14:18:21] [IP: 192.168.116.26] [CLIENT_HOST: MD-Server1c.mf.metafrax.ru] [RequestController::createRequests] input: {
"request_id": "",
"deadline_date_in": "19.05.2026 12:17:33",
"deadline_date_out": "20.05.2026 0:17:33",
"task_header_id": "1",
"criticality_id": "1",
"created_by": "KULINYAKLY",
"req_line": [
{
"railway_id": "14_СМОЛА_МЕТАДИНЕА",
"car_type": "ПЛ",
"state": "пор.",
"freight": "СМОЛА МД",
"car_count": "1",
"criteria_line_id": "1",
"car_number": "",
"note": "",
"send_weighing": "0",
"send_psp": "0"
}
]
}
[2026-05-19 14:25:54] [IP: 192.168.116.26] [CLIENT_HOST: MD-Server1c.mf.metafrax.ru] [RequestController::getStatus] input: 156932
[2026-05-19 14:41:18] [IP: 192.168.116.26] [CLIENT_HOST: MD-Server1c.mf.metafrax.ru] [RequestController::createRequests] input: {
"request_id": "",
"deadline_date_in": "19.05.2026 12:41:01",
"deadline_date_out": "20.05.2026 0:41:01",
"task_header_id": "14",
"criticality_id": "1",
"created_by": "KULINYAKLY",
"req_line": [
{
"railway_id": "",
"car_type": "",
"state": "",
"freight": "",
"car_count": "1",
"criteria_line_id": "11",
"car_number": "42147785",
"note": "",
"send_weighing": "0",
"send_psp": "0"
}
]
}
[2026-05-19 15:17:23] [IP: 192.168.116.26] [CLIENT_HOST: MD-Server1c.mf.metafrax.ru] [RequestController::getStatus] input: 158663
[2026-05-19 16:00:41] [IP: 192.168.116.26] [CLIENT_HOST: MD-Server1c.mf.metafrax.ru] [RequestController::createRequests] input: {
"request_id": "",
"deadline_date_in": "19.05.2026 14:00:33",
"deadline_date_out": "20.05.2026 2:00:33",
"task_header_id": "2",
"criticality_id": "",
"created_by": "KULINYAKLY",
"req_line": [
{
"railway_id": "14_СМОЛА_МЕТАДИНЕА",
"car_type": "ПЛ",
"state": "гр.",
"freight": "СМОЛА МД",
"car_count": "1",
"criteria_line_id": "9",
"car_number": "42147785",
"note": "",
"send_weighing": "1",
"send_psp": "0"
}
]
}
[2026-05-19 16:34:42] [IP: 192.168.116.26] [CLIENT_HOST: MD-Server1c.mf.metafrax.ru] [RequestController::createRequests] input: {
"request_id": "",
"deadline_date_in": "19.05.2026 14:34:18",
"deadline_date_out": "20.05.2026 2:34:18",
"task_header_id": "1",
"criticality_id": "1",
"created_by": "KULINYAKLY",
"req_line": [
{
"railway_id": "14_СМОЛА_МЕТАДИНЕА",
"car_type": "ПЛ",
"state": "пор.",
"freight": "СМОЛА МД",
"car_count": "1",
"criteria_line_id": "1",
"car_number": "",
"note": "",
"send_weighing": "0",
"send_psp": "0"
}
]
}
[2026-05-19 16:35:52] [IP: 192.168.116.26] [CLIENT_HOST: MD-Server1c.mf.metafrax.ru] [RequestController::getStatus] input: 158667
[2026-05-19 16:39:36] [IP: 192.168.116.26] [CLIENT_HOST: MD-Server1c.mf.metafrax.ru] [RequestController::getStatus] input: 158667
[2026-05-19 16:44:39] [IP: 192.168.116.26] [CLIENT_HOST: MD-Server1c.mf.metafrax.ru] [RequestController::createRequests] input: {
"request_id": "",
"deadline_date_in": "19.05.2026 14:44:29",
"deadline_date_out": "20.05.2026 2:44:29",
"task_header_id": "14",
"criticality_id": "1",
"created_by": "KULINYAKLY",
"req_line": [
{
"railway_id": "",
"car_type": "",
"state": "",
"freight": "",
"car_count": "1",
"criteria_line_id": "11",
"car_number": "42293043",
"note": "",
"send_weighing": "0",
"send_psp": "0"
}
]
}
[2026-05-19 16:54:43] [IP: 192.168.116.26] [CLIENT_HOST: MD-Server1c.mf.metafrax.ru] [RequestController::getStatus] input: 158667
[2026-05-19 17:01:21] [IP: 192.168.116.26] [CLIENT_HOST: MD-Server1c.mf.metafrax.ru] [RequestController::createRequests] input: {
"request_id": "",
"deadline_date_in": "19.05.2026 15:01:13",
"deadline_date_out": "20.05.2026 3:01:13",
"task_header_id": "2",
"criticality_id": "",
"created_by": "KULINYAKLY",
"req_line": [
{
"railway_id": "14_СМОЛА_МЕТАДИНЕА",
"car_type": "ПЛ",
"state": "гр.",
"freight": "СМОЛА МД",
"car_count": "1",
"criteria_line_id": "9",
"car_number": "42293043",
"note": "",
"send_weighing": "1",
"send_psp": "0"
}
]
}
