[2026-05-18 16:20:07] [IP: 192.168.116.26] [CLIENT_HOST: MD-Server1c.mf.metafrax.ru] [RequestController::createRequests] input: {
"request_id": "",
"deadline_date_in": "18.05.2026 14:19:37",
"deadline_date_out": "19.05.2026 2:19:37",
"task_header_id": "2",
"criticality_id": "",
"created_by": "DYACHKOVDA",
"req_line": [
{
"railway_id": "14_СМОЛА_МЕТАДИНЕА",
"car_type": "ЦС",
"state": "гр.",
"freight": "СМОЛА МД",
"car_count": "1",
"criteria_line_id": "9",
"car_number": "53877718",
"note": "",
"send_weighing": "1",
"send_psp": "0"
}
]
}
[2026-05-18 16:25:29] [IP: 192.168.116.26] [CLIENT_HOST: MD-Server1c.mf.metafrax.ru] [RequestController::getStatus] input: 158643
[2026-05-18 16:26:03] [IP: 192.168.116.26] [CLIENT_HOST: MD-Server1c.mf.metafrax.ru] [RequestController::getStatus] input: 158643
[2026-05-18 16:26:47] [IP: 192.168.116.26] [CLIENT_HOST: MD-Server1c.mf.metafrax.ru] [RequestController::getStatus] input: 158643
[2026-05-18 16:26:58] [IP: 192.168.116.26] [CLIENT_HOST: MD-Server1c.mf.metafrax.ru] [RequestController::getStatus] input: 158643
[2026-05-18 16:26:59] [IP: 192.168.116.26] [CLIENT_HOST: MD-Server1c.mf.metafrax.ru] [RequestController::createRequests] input: {
"request_id": "158643",
"deadline_date_in": "18.05.2026 14:19:37",
"deadline_date_out": "19.05.2026 2:19:37",
"task_header_id": "2",
"criticality_id": "1",
"created_by": "DYACHKOVDA",
"req_line": [
{
"railway_id": "14_СМОЛА_МЕТАДИНЕА",
"car_type": "ЦС",
"state": "гр.",
"freight": "СМОЛА МД",
"car_count": "1",
"criteria_line_id": "9",
"car_number": "53877718",
"note": "",
"send_weighing": "1",
"send_psp": "0"
}
]
}
[2026-05-18 16:29:52] [IP: 192.168.116.26] [CLIENT_HOST: MD-Server1c.mf.metafrax.ru] [RequestController::getStatus] input: 158643
[2026-05-18 16:29:57] [IP: 192.168.116.26] [CLIENT_HOST: MD-Server1c.mf.metafrax.ru] [RequestController::getStatus] input: 158643
[2026-05-18 16:32:30] [IP: 192.168.116.26] [CLIENT_HOST: MD-Server1c.mf.metafrax.ru] [RequestController::getStatus] input: 158643
[2026-05-18 16:32:36] [IP: 192.168.116.26] [CLIENT_HOST: MD-Server1c.mf.metafrax.ru] [RequestController::getStatus] input: 158643
[2026-05-18 16:32:36] [IP: 192.168.116.26] [CLIENT_HOST: MD-Server1c.mf.metafrax.ru] [RequestController::createRequests] input: {
"request_id": "158643",
"deadline_date_in": "18.05.2026 14:19:37",
"deadline_date_out": "19.05.2026 2:19:37",
"task_header_id": "2",
"criticality_id": "",
"created_by": "DYACHKOVDA",
"req_line": [
{
"railway_id": "14_СМОЛА_МЕТАДИНЕА",
"car_type": "ЦС",
"state": "гр.",
"freight": "СМОЛА МД",
"car_count": "1",
"criteria_line_id": "9",
"car_number": "53877718",
"note": "",
"send_weighing": "1",
"send_psp": "0"
}
]
}
[2026-05-18 16:34:00] [IP: 192.168.116.26] [CLIENT_HOST: MD-Server1c.mf.metafrax.ru] [RequestController::getStatus] input: 158643
