[2026-05-24 13:40:44] [IP: 192.168.116.26] [CLIENT_HOST: MD-Server1c.mf.metafrax.ru] [RequestController::createRequests] input: {
"request_id": "",
"deadline_date_in": "24.05.2026 13:39:56",
"deadline_date_out": "25.05.2026 1:39:56",
"task_header_id": "2",
"criticality_id": "1",
"created_by": "KULINYAKLY",
"req_line": [
{
"railway_id": "14_СМОЛА_МЕТАДИНЕА",
"car_type": "ПЛ",
"state": "гр.",
"freight": "СМОЛА МД",
"car_count": "1",
"criteria_line_id": "9",
"car_number": "94379666",
"note": "",
"send_weighing": "1",
"send_psp": "0"
}
]
}
