[2026-05-21 01:27:33] [IP: 192.168.116.26] [CLIENT_HOST: MD-Server1c.mf.metafrax.ru] [RequestController::createRequests] input: {
"request_id": "",
"deadline_date_in": "20.05.2026 23:27:23",
"deadline_date_out": "21.05.2026 11:27:23",
"task_header_id": "14",
"criticality_id": "",
"created_by": "KULINYAKLY",
"req_line": [
{
"railway_id": "",
"car_type": "",
"state": "",
"freight": "",
"car_count": "1",
"criteria_line_id": "11",
"car_number": "42274340",
"note": "",
"send_weighing": "0",
"send_psp": "0"
}
]
}
[2026-05-21 01:39:25] [IP: 192.168.116.26] [CLIENT_HOST: MD-Server1c.mf.metafrax.ru] [RequestController::createRequests] input: {
"request_id": "",
"deadline_date_in": "20.05.2026 23:38:38",
"deadline_date_out": "21.05.2026 11:38:38",
"task_header_id": "1",
"criticality_id": "",
"created_by": "KULINYAKLY",
"req_line": [
{
"railway_id": "14_СМОЛА_МЕТАДИНЕА",
"car_type": "ЦС",
"state": "пор.",
"freight": "СМОЛА МД",
"car_count": "1",
"criteria_line_id": "1",
"car_number": "",
"note": "",
"send_weighing": "0",
"send_psp": "0"
},
{
"railway_id": "14_СМОЛА_МЕТАДИНЕА",
"car_type": "ПЛ",
"state": "пор.",
"freight": "СМОЛА МД",
"car_count": "1,5",
"criteria_line_id": "1",
"car_number": "90963950",
"note": "",
"send_weighing": "0",
"send_psp": "0"
},
{
"railway_id": "14_СМОЛА_МЕТАДИНЕА",
"car_type": "ПЛ",
"state": "пор.",
"freight": "СМОЛА МД",
"car_count": "1",
"criteria_line_id": "1",
"car_number": "42274340",
"note": "",
"send_weighing": "0",
"send_psp": "0"
}
]
}
[2026-05-21 01:43:57] [IP: 192.168.116.26] [CLIENT_HOST: MD-Server1c.mf.metafrax.ru] [RequestController::createRequests] input: {
"request_id": "",
"deadline_date_in": "20.05.2026 23:43:52",
"deadline_date_out": "21.05.2026 11:43:52",
"task_header_id": "14",
"criticality_id": "",
"created_by": "KULINYAKLY",
"req_line": [
{
"railway_id": "",
"car_type": "",
"state": "",
"freight": "",
"car_count": "1",
"criteria_line_id": "11",
"car_number": "50056019",
"note": "",
"send_weighing": "0",
"send_psp": "0"
}
]
}
[2026-05-21 01:45:52] [IP: 192.168.116.26] [CLIENT_HOST: MD-Server1c.mf.metafrax.ru] [RequestController::getStatus] input: 158675
[2026-05-21 01:45:53] [IP: 192.168.116.26] [CLIENT_HOST: MD-Server1c.mf.metafrax.ru] [RequestController::getStatus] input: 158675
[2026-05-21 01:45:53] [IP: 192.168.116.26] [CLIENT_HOST: MD-Server1c.mf.metafrax.ru] [RequestController::createRequests] input: {
"request_id": "158675",
"deadline_date_in": "20.05.2026 23:38:38",
"deadline_date_out": "21.05.2026 11:38:38",
"task_header_id": "1",
"criticality_id": "",
"created_by": "KULINYAKLY",
"req_line": [
{
"railway_id": "14_СМОЛА_МЕТАДИНЕА",
"car_type": "ЦС",
"state": "пор.",
"freight": "СМОЛА МД",
"car_count": "1",
"criteria_line_id": "1",
"car_number": "50056019",
"note": "",
"send_weighing": "0",
"send_psp": "0"
},
{
"railway_id": "14_СМОЛА_МЕТАДИНЕА",
"car_type": "ПЛ",
"state": "пор.",
"freight": "СМОЛА МД",
"car_count": "1,5",
"criteria_line_id": "1",
"car_number": "90963950",
"note": "",
"send_weighing": "0",
"send_psp": "0"
},
{
"railway_id": "14_СМОЛА_МЕТАДИНЕА",
"car_type": "ПЛ",
"state": "пор.",
"freight": "СМОЛА МД",
"car_count": "1",
"criteria_line_id": "1",
"car_number": "42274340",
"note": "",
"send_weighing": "0",
"send_psp": "0"
}
]
}
[2026-05-21 01:58:24] [IP: 192.168.116.26] [CLIENT_HOST: MD-Server1c.mf.metafrax.ru] [RequestController::createRequests] input: {
"request_id": "",
"deadline_date_in": "20.05.2026 23:58:08",
"deadline_date_out": "21.05.2026 11:58:08",
"task_header_id": "2",
"criticality_id": "1",
"created_by": "KULINYAKLY",
"req_line": [
{
"railway_id": "14_СМОЛА_МЕТАДИНЕА",
"car_type": "ЦС",
"state": "гр.",
"freight": "СМОЛА МД",
"car_count": "1",
"criteria_line_id": "9",
"car_number": "50056019",
"note": "",
"send_weighing": "1",
"send_psp": "0"
},
{
"railway_id": "14_СМОЛА_МЕТАДИНЕА",
"car_type": "ПЛ",
"state": "гр.",
"freight": "СМОЛА МД",
"car_count": "1",
"criteria_line_id": "9",
"car_number": "90963950",
"note": "",
"send_weighing": "1",
"send_psp": "0"
},
{
"railway_id": "14_СМОЛА_МЕТАДИНЕА",
"car_type": "ПЛ",
"state": "гр.",
"freight": "СМОЛА МД",
"car_count": "1",
"criteria_line_id": "9",
"car_number": "42274340",
"note": "",
"send_weighing": "1",
"send_psp": "0"
}
]
}
[2026-05-21 02:58:15] [IP: 192.168.116.26] [CLIENT_HOST: MD-Server1c.mf.metafrax.ru] [RequestController::createRequests] input: {
"request_id": "",
"deadline_date_in": "21.05.2026 0:58:06",
"deadline_date_out": "21.05.2026 12:58:06",
"task_header_id": "14",
"criticality_id": "",
"created_by": "KULINYAKLY",
"req_line": [
{
"railway_id": "",
"car_type": "",
"state": "",
"freight": "",
"car_count": "1",
"criteria_line_id": "11",
"car_number": "50366418",
"note": "",
"send_weighing": "0",
"send_psp": "0"
}
]
}
[2026-05-21 02:59:56] [IP: 192.168.116.26] [CLIENT_HOST: MD-Server1c.mf.metafrax.ru] [RequestController::createRequests] input: {
"request_id": "",
"deadline_date_in": "21.05.2026 0:59:50",
"deadline_date_out": "21.05.2026 12:59:50",
"task_header_id": "14",
"criticality_id": "",
"created_by": "KULINYAKLY",
"req_line": [
{
"railway_id": "",
"car_type": "",
"state": "",
"freight": "",
"car_count": "1",
"criteria_line_id": "11",
"car_number": "50366277",
"note": "",
"send_weighing": "0",
"send_psp": "0"
}
]
}
[2026-05-21 03:01:22] [IP: 192.168.116.26] [CLIENT_HOST: MD-Server1c.mf.metafrax.ru] [RequestController::createRequests] input: {
"request_id": "",
"deadline_date_in": "21.05.2026 1:01:18",
"deadline_date_out": "21.05.2026 13:01:18",
"task_header_id": "14",
"criticality_id": "",
"created_by": "KULINYAKLY",
"req_line": [
{
"railway_id": "",
"car_type": "",
"state": "",
"freight": "",
"car_count": "1",
"criteria_line_id": "11",
"car_number": "50366277",
"note": "",
"send_weighing": "0",
"send_psp": "0"
}
]
}
[2026-05-21 03:20:33] [IP: 192.168.116.26] [CLIENT_HOST: MD-Server1c.mf.metafrax.ru] [RequestController::createRequests] input: {
"request_id": "",
"deadline_date_in": "21.05.2026 1:20:27",
"deadline_date_out": "21.05.2026 13:20:27",
"task_header_id": "14",
"criticality_id": "",
"created_by": "KULINYAKLY",
"req_line": [
{
"railway_id": "",
"car_type": "",
"state": "",
"freight": "",
"car_count": "1",
"criteria_line_id": "11",
"car_number": "54524350",
"note": "",
"send_weighing": "0",
"send_psp": "0"
}
]
}
[2026-05-21 03:38:38] [IP: 192.168.116.26] [CLIENT_HOST: MD-Server1c.mf.metafrax.ru] [RequestController::createRequests] input: {
"request_id": "",
"deadline_date_in": "21.05.2026 1:38:32",
"deadline_date_out": "21.05.2026 13:38:32",
"task_header_id": "14",
"criticality_id": "",
"created_by": "KULINYAKLY",
"req_line": [
{
"railway_id": "",
"car_type": "",
"state": "",
"freight": "",
"car_count": "1",
"criteria_line_id": "11",
"car_number": "42071704",
"note": "",
"send_weighing": "0",
"send_psp": "0"
}
]
}
[2026-05-21 09:34:04] [IP: 192.168.116.26] [CLIENT_HOST: MD-Server1c.mf.metafrax.ru] [RequestController::createRequests] input: {
"request_id": "",
"deadline_date_in": "21.05.2026 7:34:01",
"deadline_date_out": "21.05.2026 19:34:01",
"task_header_id": "14",
"criticality_id": "",
"created_by": "KULINYAKLY",
"req_line": [
{
"railway_id": "",
"car_type": "",
"state": "",
"freight": "",
"car_count": "1",
"criteria_line_id": "11",
"car_number": "54524350",
"note": "",
"send_weighing": "0",
"send_psp": "0"
}
]
}
[2026-05-21 13:36:00] [IP: 192.168.116.26] [CLIENT_HOST: MD-Server1c.mf.metafrax.ru] [RequestController::createRequests] input: {
"request_id": "",
"deadline_date_in": "21.05.2026 11:35:41",
"deadline_date_out": "21.05.2026 23:35:41",
"task_header_id": "1",
"criticality_id": "1",
"created_by": "KULINYAKLY",
"req_line": [
{
"railway_id": "14_СМОЛА_МЕТАДИНЕА",
"car_type": "ПЛ",
"state": "пор.",
"freight": "СМОЛА МД",
"car_count": "1",
"criteria_line_id": "1",
"car_number": "54524350",
"note": "",
"send_weighing": "0",
"send_psp": "0"
},
{
"railway_id": "14_СМОЛА_МЕТАДИНЕА",
"car_type": "ПЛ",
"state": "пор.",
"freight": "СМОЛА МД",
"car_count": "1",
"criteria_line_id": "1",
"car_number": "42249722",
"note": "",
"send_weighing": "0",
"send_psp": "0"
},
{
"railway_id": "14_СМОЛА_МЕТАДИНЕА",
"car_type": "ЦС",
"state": "пор.",
"freight": "СМОЛА МД",
"car_count": "1",
"criteria_line_id": "1",
"car_number": "50366418",
"note": "",
"send_weighing": "0",
"send_psp": "0"
}
]
}
[2026-05-21 13:44:24] [IP: 192.168.116.26] [CLIENT_HOST: MD-Server1c.mf.metafrax.ru] [RequestController::createRequests] input: {
"request_id": "",
"deadline_date_in": "21.05.2026 11:43:54",
"deadline_date_out": "21.05.2026 23:43:54",
"task_header_id": "2",
"criticality_id": "",
"created_by": "KULINYAKLY",
"req_line": [
{
"railway_id": "14_СМОЛА_МЕТАДИНЕА",
"car_type": "ПЛ",
"state": "гр.",
"freight": "СМОЛА МД",
"car_count": "1",
"criteria_line_id": "9",
"car_number": "54524350",
"note": "",
"send_weighing": "1",
"send_psp": "0"
}
]
}
[2026-05-21 16:57:29] [IP: 192.168.116.26] [CLIENT_HOST: MD-Server1c.mf.metafrax.ru] [RequestController::getStatus] input: 
[2026-05-21 16:57:55] [IP: 192.168.116.26] [CLIENT_HOST: MD-Server1c.mf.metafrax.ru] [RequestController::getStatus] input: 
[2026-05-21 16:58:50] [IP: 192.168.116.26] [CLIENT_HOST: MD-Server1c.mf.metafrax.ru] [RequestController::getStatus] input: 
[2026-05-21 16:59:36] [IP: 192.168.116.26] [CLIENT_HOST: MD-Server1c.mf.metafrax.ru] [RequestController::getStatus] input: 
[2026-05-21 17:09:09] [IP: 192.168.116.26] [CLIENT_HOST: MD-Server1c.mf.metafrax.ru] [RequestController::getStatus] input: 
[2026-05-21 17:09:23] [IP: 192.168.116.26] [CLIENT_HOST: MD-Server1c.mf.metafrax.ru] [RequestController::getStatus] input: 
