[2026-05-08 19:40:00] [IP: 192.168.116.26] [CLIENT_HOST: MD-Server1c.mf.metafrax.ru] [RequestController::createRequests] input: {
"request_id": "",
"deadline_date_in": "08.05.2026 17:39:52",
"deadline_date_out": "09.05.2026 5:39:52",
"task_header_id": "14",
"criticality_id": "",
"created_by": "KULINYAKLY",
"req_line": [
{
"railway_id": "",
"car_type": "",
"state": "",
"freight": "",
"car_count": "1",
"criteria_line_id": "11",
"car_number": "54524350",
"note": "",
"send_weighing": "0",
"send_psp": "0"
}
]
}
[2026-05-08 19:40:11] [IP: 192.168.116.26] [CLIENT_HOST: MD-Server1c.mf.metafrax.ru] [RequestController::getStatus] input: 158628
[2026-05-08 19:46:30] [IP: 192.168.116.26] [CLIENT_HOST: MD-Server1c.mf.metafrax.ru] [RequestController::getStatus] input: 158628
[2026-05-08 19:46:47] [IP: 192.168.116.26] [CLIENT_HOST: MD-Server1c.mf.metafrax.ru] [RequestController::getStatus] input: 158628
