[2026-05-22 13:25:23] [IP: 192.168.116.26] [CLIENT_HOST: MD-Server1c.mf.metafrax.ru] [RequestController::createRequests] input: {
"request_id": "",
"deadline_date_in": "22.05.2026 13:25:11",
"deadline_date_out": "23.05.2026 1:25:11",
"task_header_id": "1",
"criticality_id": "",
"created_by": "DYACHKOVDA",
"req_line": [
{
"railway_id": "14_СМОЛА_МЕТАДИНЕА",
"car_type": "ПЛ",
"state": "пор.",
"freight": "СМОЛА МД",
"car_count": "1",
"criteria_line_id": "1",
"car_number": "",
"note": "",
"send_weighing": "0",
"send_psp": "0"
}
]
}
[2026-05-22 13:27:14] [IP: 192.168.116.26] [CLIENT_HOST: MD-Server1c.mf.metafrax.ru] [RequestController::getStatus] input: 158707
[2026-05-22 13:27:18] [IP: 192.168.116.26] [CLIENT_HOST: MD-Server1c.mf.metafrax.ru] [RequestController::getStatus] input: 158707
[2026-05-22 13:27:24] [IP: 192.168.116.26] [CLIENT_HOST: MD-Server1c.mf.metafrax.ru] [RequestController::getStatus] input: 158707
[2026-05-22 13:29:03] [IP: 192.168.116.26] [CLIENT_HOST: MD-Server1c.mf.metafrax.ru] [RequestController::getStatus] input: 158707
[2026-05-22 15:27:03] [IP: 192.168.116.26] [CLIENT_HOST: MD-Server1c.mf.metafrax.ru] [RequestController::createRequests] input: {
"request_id": "",
"deadline_date_in": "22.05.2026 15:26:51",
"deadline_date_out": "23.05.2026 3:26:51",
"task_header_id": "2",
"criticality_id": "",
"created_by": "DYACHKOVDA",
"req_line": [
{
"railway_id": "14_СМОЛА_МЕТАДИНЕА",
"car_type": "ПЛ",
"state": "гр.",
"freight": "СМОЛА МД",
"car_count": "1",
"criteria_line_id": "9",
"car_number": "42249722",
"note": "",
"send_weighing": "1",
"send_psp": "0"
}
]
}
[2026-05-22 15:32:23] [IP: 192.168.116.26] [CLIENT_HOST: MD-Server1c.mf.metafrax.ru] [RequestController::getStatus] input: 158708
[2026-05-22 15:32:26] [IP: 192.168.116.26] [CLIENT_HOST: MD-Server1c.mf.metafrax.ru] [RequestController::getStatus] input: 158708
[2026-05-22 15:32:43] [IP: 192.168.116.26] [CLIENT_HOST: MD-Server1c.mf.metafrax.ru] [RequestController::getStatus] input: 158708
[2026-05-22 15:34:04] [IP: 192.168.116.26] [CLIENT_HOST: MD-Server1c.mf.metafrax.ru] [RequestController::getStatus] input: 158708
[2026-05-22 15:43:49] [IP: 192.168.116.26] [CLIENT_HOST: MD-Server1c.mf.metafrax.ru] [RequestController::createRequests] input: {
"request_id": "",
"deadline_date_in": "22.05.2026 15:43:45",
"deadline_date_out": "23.05.2026 3:43:45",
"task_header_id": "1",
"criticality_id": "",
"created_by": "DYACHKOVDA",
"req_line": [
{
"railway_id": "14_СМОЛА_МЕТАДИНЕА",
"car_type": "ЦС",
"state": "пор.",
"freight": "СМОЛА МД",
"car_count": "1",
"criteria_line_id": "1",
"car_number": "",
"note": "",
"send_weighing": "0",
"send_psp": "0"
}
]
}
