[2026-05-07 11:51:44] [IP: 192.168.116.26] [CLIENT_HOST: MD-Server1c.mf.metafrax.ru] [RequestController::getStatus] input: 156932
[2026-05-07 16:20:43] [IP: 192.168.116.26] [CLIENT_HOST: MD-Server1c.mf.metafrax.ru] [RequestController::createRequests] input: {
"request_id": "",
"deadline_date_in": "07.05.2026 14:20:00",
"deadline_date_out": "08.05.2026 2:20:00",
"task_header_id": "2",
"criticality_id": "1",
"created_by": "KULINYAKLY",
"req_line": [
{
"railway_id": "14_СМОЛА_МЕТАДИНЕА",
"car_type": "ПЛ",
"state": "гр.",
"freight": "СМОЛА МД",
"car_count": "1",
"criteria_line_id": "9",
"car_number": "90963950",
"note": "",
"send_weighing": "1",
"send_psp": "0"
}
]
}
[2026-05-07 17:39:32] [IP: 192.168.116.26] [CLIENT_HOST: MD-Server1c.mf.metafrax.ru] [RequestController::getStatus] input: 158623
[2026-05-07 17:40:27] [IP: 192.168.116.26] [CLIENT_HOST: MD-Server1c.mf.metafrax.ru] [RequestController::getStatus] input: 158623
[2026-05-07 20:13:27] [IP: 192.168.116.26] [CLIENT_HOST: MD-Server1c.mf.metafrax.ru] [RequestController::createRequests] input: {
"request_id": "",
"deadline_date_in": "07.05.2026 18:13:08",
"deadline_date_out": "08.05.2026 6:13:08",
"task_header_id": "1",
"criticality_id": "",
"created_by": "KULINYAKLY",
"req_line": [
{
"railway_id": "14_СМОЛА_МЕТАДИНЕА",
"car_type": "ПЛ",
"state": "пор.",
"freight": "СМОЛА МД",
"car_count": "1",
"criteria_line_id": "1",
"car_number": "",
"note": "",
"send_weighing": "0",
"send_psp": "0"
}
]
}
[2026-05-07 20:14:37] [IP: 192.168.116.26] [CLIENT_HOST: MD-Server1c.mf.metafrax.ru] [RequestController::getStatus] input: 158625
[2026-05-07 20:19:35] [IP: 192.168.116.26] [CLIENT_HOST: MD-Server1c.mf.metafrax.ru] [RequestController::getStatus] input: 158625
[2026-05-07 20:39:41] [IP: 192.168.116.26] [CLIENT_HOST: MD-Server1c.mf.metafrax.ru] [RequestController::createRequests] input: {
"request_id": "",
"deadline_date_in": "07.05.2026 18:39:32",
"deadline_date_out": "08.05.2026 6:39:32",
"task_header_id": "2",
"criticality_id": "",
"created_by": "KULINYAKLY",
"req_line": [
{
"railway_id": "14_СМОЛА_МЕТАДИНЕА",
"car_type": "ПЛ",
"state": "гр.",
"freight": "СМОЛА МД",
"car_count": "1",
"criteria_line_id": "9",
"car_number": "90963950",
"note": "",
"send_weighing": "1",
"send_psp": "0"
}
]
}
