[2026-05-23 17:55:40] [IP: 192.168.116.26] [CLIENT_HOST: MD-Server1c.mf.metafrax.ru] [RequestController::createRequests] input: {
"request_id": "",
"deadline_date_in": "23.05.2026 17:55:34",
"deadline_date_out": "24.05.2026 5:55:34",
"task_header_id": "14",
"criticality_id": "",
"created_by": "KULINYAKLY",
"req_line": [
{
"railway_id": "",
"car_type": "",
"state": "",
"freight": "",
"car_count": "1",
"criteria_line_id": "11",
"car_number": "54419767",
"note": "",
"send_weighing": "0",
"send_psp": "0"
}
]
}
[2026-05-23 20:15:09] [IP: 192.168.116.26] [CLIENT_HOST: MD-Server1c.mf.metafrax.ru] [RequestController::createRequests] input: {
"request_id": "",
"deadline_date_in": "23.05.2026 20:15:03",
"deadline_date_out": "24.05.2026 8:15:03",
"task_header_id": "14",
"criticality_id": "",
"created_by": "KULINYAKLY",
"req_line": [
{
"railway_id": "",
"car_type": "",
"state": "",
"freight": "",
"car_count": "1",
"criteria_line_id": "11",
"car_number": "94439742",
"note": "",
"send_weighing": "0",
"send_psp": "0"
}
]
}
[2026-05-23 20:28:40] [IP: 192.168.116.26] [CLIENT_HOST: MD-Server1c.mf.metafrax.ru] [RequestController::createRequests] input: {
"request_id": "",
"deadline_date_in": "23.05.2026 20:28:36",
"deadline_date_out": "24.05.2026 8:28:36",
"task_header_id": "14",
"criticality_id": "",
"created_by": "KULINYAKLY",
"req_line": [
{
"railway_id": "",
"car_type": "",
"state": "",
"freight": "",
"car_count": "1",
"criteria_line_id": "11",
"car_number": "42078147",
"note": "",
"send_weighing": "0",
"send_psp": "0"
}
]
}
[2026-05-23 21:02:23] [IP: 192.168.116.26] [CLIENT_HOST: MD-Server1c.mf.metafrax.ru] [RequestController::createRequests] input: {
"request_id": "",
"deadline_date_in": "23.05.2026 21:02:06",
"deadline_date_out": "24.05.2026 9:02:06",
"task_header_id": "1",
"criticality_id": "",
"created_by": "KULINYAKLY",
"req_line": [
{
"railway_id": "14_СМОЛА_МЕТАДИНЕА",
"car_type": "ПЛ",
"state": "пор.",
"freight": "СМОЛА МД",
"car_count": "3",
"criteria_line_id": "1",
"car_number": "",
"note": "",
"send_weighing": "0",
"send_psp": "0"
},
{
"railway_id": "14_СМОЛА_МЕТАДИНЕА",
"car_type": "ПЛ",
"state": "пор.",
"freight": "СМОЛА МД",
"car_count": "1",
"criteria_line_id": "1",
"car_number": "94379666",
"note": "",
"send_weighing": "0",
"send_psp": "0"
}
]
}
